#
# There is insufficient memory for the Java Runtime Environment to continue.
# Native memory allocation (mmap) failed to map 143654912 bytes for committing reserved memory.
# Possible reasons:
#   The system is out of physical RAM or swap space
#   In 32 bit mode, the process size limit was hit
# Possible solutions:
#   Reduce memory load on the system
#   Increase physical memory or swap space
#   Check if swap backing store is full
#   Use 64 bit Java on a 64 bit OS
#   Decrease Java heap size (-Xmx/-Xms)
#   Decrease number of Java threads
#   Decrease Java thread stack sizes (-Xss)
#   Set larger code cache with -XX:ReservedCodeCacheSize=
# This output file may be truncated or incomplete.
#
#  Out of Memory Error (os_linux.cpp:2643), pid=25025, tid=0x00007f1ff35f5700
#
# JRE version: OpenJDK Runtime Environment (8.0_171-b11) (build 1.8.0_171-8u171-b11-0ubuntu0.16.04.1-b11)
# Java VM: OpenJDK 64-Bit Server VM (25.171-b11 mixed mode linux-amd64 compressed oops)
# Failed to write core dump. Core dumps have been disabled. To enable core dumping, try "ulimit -c unlimited" before starting Java again
#

---------------  T H R E A D  ---------------

Current thread (0x00007f2010078000):  VMThread [stack: 0x00007f1ff34f5000,0x00007f1ff35f6000] [id=25058]

Stack: [0x00007f1ff34f5000,0x00007f1ff35f6000],  sp=0x00007f1ff35f44a0,  free space=1021k
Native frames: (J=compiled Java code, j=interpreted, Vv=VM code, C=native code)
V  [libjvm.so+0xa6db9b]
V  [libjvm.so+0x4c694c]
V  [libjvm.so+0x8ba818]
V  [libjvm.so+0x8b4bae]
V  [libjvm.so+0x92ff96]
V  [libjvm.so+0x9312c3]
V  [libjvm.so+0x92d98b]
V  [libjvm.so+0x9267b9]
V  [libjvm.so+0x44aa43]
V  [libjvm.so+0xa6f129]
V  [libjvm.so+0xa74a07]
V  [libjvm.so+0xa72107]
V  [libjvm.so+0xa7358f]
V  [libjvm.so+0xa73a81]
V  [libjvm.so+0x8b7c22]

VM_Operation (0x00007f201831ca10): CollectForMetadataAllocation, mode: safepoint, requested by thread 0x00007f201000a800


---------------  P R O C E S S  ---------------

Java Threads: ( => current thread )
  0x00007f20100c8000 JavaThread "Service Thread" daemon [_thread_blocked, id=25065, stack(0x00007f1ff29e5000,0x00007f1ff2ae6000)]
  0x00007f20100bd000 JavaThread "C1 CompilerThread2" daemon [_thread_blocked, id=25064, stack(0x00007f1ff2ae6000,0x00007f1ff2be7000)]
  0x00007f20100bb000 JavaThread "C2 CompilerThread1" daemon [_thread_in_native, id=25063, stack(0x00007f1ff2be7000,0x00007f1ff2ce8000)]
  0x00007f20100b8000 JavaThread "C2 CompilerThread0" daemon [_thread_blocked, id=25062, stack(0x00007f1ff2ce8000,0x00007f1ff2de9000)]
  0x00007f20100b6800 JavaThread "Signal Dispatcher" daemon [_thread_blocked, id=25061, stack(0x00007f1ff2de9000,0x00007f1ff2eea000)]
  0x00007f2010084800 JavaThread "Finalizer" daemon [_thread_blocked, id=25060, stack(0x00007f1ff32f3000,0x00007f1ff33f4000)]
  0x00007f2010080000 JavaThread "Reference Handler" daemon [_thread_blocked, id=25059, stack(0x00007f1ff33f4000,0x00007f1ff34f5000)]
  0x00007f201000a800 JavaThread "main" [_thread_blocked, id=25053, stack(0x00007f201821f000,0x00007f2018320000)]

Other Threads:
=>0x00007f2010078000 VMThread [stack: 0x00007f1ff34f5000,0x00007f1ff35f6000] [id=25058]
  0x00007f20100ca800 WatcherThread [stack: 0x00007f1ff28e4000,0x00007f1ff29e5000] [id=25066]

VM state:at safepoint (normal execution)

VM Mutex/Monitor currently owned by a thread:  ([mutex/lock_event])
[0x00007f2010007040] Threads_lock - owner thread: 0x00007f2010078000
[0x00007f2010007540] Heap_lock - owner thread: 0x00007f201000a800

Heap:
 PSYoungGen      total 127488K, used 4592K [0x00000000d8e00000, 0x00000000e0f00000, 0x0000000100000000)
  eden space 122880K, 0% used [0x00000000d8e00000,0x00000000d8e00000,0x00000000e0600000)
  from space 4608K, 99% used [0x00000000e0600000,0x00000000e0a7c030,0x00000000e0a80000)
  to   space 4608K, 0% used [0x00000000e0a80000,0x00000000e0a80000,0x00000000e0f00000)
 ParOldGen       total 80896K, used 16528K [0x000000008aa00000, 0x000000008f900000, 0x00000000d8e00000)
  object space 80896K, 20% used [0x000000008aa00000,0x000000008ba24030,0x000000008f900000)
 Metaspace       used 20570K, capacity 21190K, committed 21248K, reserved 1069056K
  class space    used 2373K, capacity 2555K, committed 2560K, reserved 1048576K

Card table byte_map: [0x00007f2014518000,0x00007f20148c4000] byte_map_base: 0x00007f20140c3000

Marking Bits: (ParMarkBitMap*) 0x00007f20174ea320
 Begin Bits: [0x00007f1ff8550000, 0x00007f1ffa2a8000)
 End Bits:   [0x00007f1ffa2a8000, 0x00007f1ffc000000)

Polling page: 0x00007f201833e000

CodeCache: size=245760Kb used=12081Kb max_used=12081Kb free=233678Kb
 bounds [0x00007f2001000000, 0x00007f2001be0000, 0x00007f2010000000]
 total_blobs=4037 nmethods=3680 adapters=270
 compilation: enabled

Compilation events (10 events):
Event: 3.131 Thread 0x00007f20100bd000 3702       3       com.sun.tools.javac.util.List::<init> (15 bytes)
Event: 3.131 Thread 0x00007f20100bd000 nmethod 3702 0x00007f2001bc3310 code [0x00007f2001bc3480, 0x00007f2001bc36b0]
Event: 3.131 Thread 0x00007f20100bd000 3703       3       com.sun.tools.javac.util.Names::fromString (9 bytes)
Event: 3.131 Thread 0x00007f20100bd000 nmethod 3703 0x00007f2001bc2a50 code [0x00007f2001bc2be0, 0x00007f2001bc30f8]
Event: 3.131 Thread 0x00007f20100bd000 3704       3       com.sun.tools.javac.util.SharedNameTable::fromChars (187 bytes)
Event: 3.132 Thread 0x00007f20100bd000 nmethod 3704 0x00007f2001bd2810 code [0x00007f2001bd2a20, 0x00007f2001bd34f8]
Event: 3.132 Thread 0x00007f20100bd000 3705       3       com.sun.tools.javac.util.Assert::check (8 bytes)
Event: 3.132 Thread 0x00007f20100bd000 nmethod 3705 0x00007f2001bc2510 code [0x00007f2001bc2680, 0x00007f2001bc2908]
Event: 3.133 Thread 0x00007f20100bd000 3706       3       com.sun.tools.javac.util.List::of (12 bytes)
Event: 3.133 Thread 0x00007f20100bd000 nmethod 3706 0x00007f2001bd3b90 code [0x00007f2001bd3d20, 0x00007f2001bd4050]

GC Heap History (9 events):
Event: 0.473 GC heap before
{Heap before GC invocations=1 (full 0):
 PSYoungGen      total 35328K, used 30720K [0x00000000d8e00000, 0x00000000db500000, 0x0000000100000000)
  eden space 30720K, 100% used [0x00000000d8e00000,0x00000000dac00000,0x00000000dac00000)
  from space 4608K, 0% used [0x00000000db080000,0x00000000db080000,0x00000000db500000)
  to   space 4608K, 0% used [0x00000000dac00000,0x00000000dac00000,0x00000000db080000)
 ParOldGen       total 80896K, used 0K [0x000000008aa00000, 0x000000008f900000, 0x00000000d8e00000)
  object space 80896K, 0% used [0x000000008aa00000,0x000000008aa00000,0x000000008f900000)
 Metaspace       used 7701K, capacity 7804K, committed 7936K, reserved 1056768K
  class space    used 937K, capacity 984K, committed 1024K, reserved 1048576K
Event: 0.479 GC heap after
Heap after GC invocations=1 (full 0):
 PSYoungGen      total 35328K, used 4566K [0x00000000d8e00000, 0x00000000dd300000, 0x0000000100000000)
  eden space 30720K, 0% used [0x00000000d8e00000,0x00000000d8e00000,0x00000000dac00000)
  from space 4608K, 99% used [0x00000000dac00000,0x00000000db075a70,0x00000000db080000)
  to   space 4608K, 0% used [0x00000000dce80000,0x00000000dce80000,0x00000000dd300000)
 ParOldGen       total 80896K, used 8K [0x000000008aa00000, 0x000000008f900000, 0x00000000d8e00000)
  object space 80896K, 0% used [0x000000008aa00000,0x000000008aa02000,0x000000008f900000)
 Metaspace       used 7701K, capacity 7804K, committed 7936K, reserved 1056768K
  class space    used 937K, capacity 984K, committed 1024K, reserved 1048576K
}
Event: 0.704 GC heap before
{Heap before GC invocations=2 (full 0):
 PSYoungGen      total 35328K, used 35286K [0x00000000d8e00000, 0x00000000dd300000, 0x0000000100000000)
  eden space 30720K, 100% used [0x00000000d8e00000,0x00000000dac00000,0x00000000dac00000)
  from space 4608K, 99% used [0x00000000dac00000,0x00000000db075a70,0x00000000db080000)
  to   space 4608K, 0% used [0x00000000dce80000,0x00000000dce80000,0x00000000dd300000)
 ParOldGen       total 80896K, used 8K [0x000000008aa00000, 0x000000008f900000, 0x00000000d8e00000)
  object space 80896K, 0% used [0x000000008aa00000,0x000000008aa02000,0x000000008f900000)
 Metaspace       used 10868K, capacity 11042K, committed 11264K, reserved 1058816K
  class space    used 1329K, capacity 1443K, committed 1536K, reserved 1048576K
Event: 0.708 GC heap after
Heap after GC invocations=2 (full 0):
 PSYoungGen      total 66048K, used 4576K [0x00000000d8e00000, 0x00000000dd300000, 0x0000000100000000)
  eden space 61440K, 0% used [0x00000000d8e00000,0x00000000d8e00000,0x00000000dca00000)
  from space 4608K, 99% used [0x00000000dce80000,0x00000000dd2f80c0,0x00000000dd300000)
  to   space 4608K, 0% used [0x00000000dca00000,0x00000000dca00000,0x00000000dce80000)
 ParOldGen       total 80896K, used 1490K [0x000000008aa00000, 0x000000008f900000, 0x00000000d8e00000)
  object space 80896K, 1% used [0x000000008aa00000,0x000000008ab74950,0x000000008f900000)
 Metaspace       used 10868K, capacity 11042K, committed 11264K, reserved 1058816K
  class space    used 1329K, capacity 1443K, committed 1536K, reserved 1048576K
}
Event: 1.454 GC heap before
{Heap before GC invocations=3 (full 0):
 PSYoungGen      total 66048K, used 66016K [0x00000000d8e00000, 0x00000000dd300000, 0x0000000100000000)
  eden space 61440K, 100% used [0x00000000d8e00000,0x00000000dca00000,0x00000000dca00000)
  from space 4608K, 99% used [0x00000000dce80000,0x00000000dd2f80c0,0x00000000dd300000)
  to   space 4608K, 0% used [0x00000000dca00000,0x00000000dca00000,0x00000000dce80000)
 ParOldGen       total 80896K, used 1490K [0x000000008aa00000, 0x000000008f900000, 0x00000000d8e00000)
  object space 80896K, 1% used [0x000000008aa00000,0x000000008ab74950,0x000000008f900000)
 Metaspace       used 15982K, capacity 16210K, committed 16384K, reserved 1062912K
  class space    used 1902K, capacity 1976K, committed 2048K, reserved 1048576K
Event: 1.464 GC heap after
Heap after GC invocations=3 (full 0):
 PSYoungGen      total 66048K, used 4576K [0x00000000d8e00000, 0x00000000e0f00000, 0x0000000100000000)
  eden space 61440K, 0% used [0x00000000d8e00000,0x00000000d8e00000,0x00000000dca00000)
  from space 4608K, 99% used [0x00000000dca00000,0x00000000dce78040,0x00000000dce80000)
  to   space 4608K, 0% used [0x00000000e0a80000,0x00000000e0a80000,0x00000000e0f00000)
 ParOldGen       total 80896K, used 4649K [0x000000008aa00000, 0x000000008f900000, 0x00000000d8e00000)
  object space 80896K, 5% used [0x000000008aa00000,0x000000008ae8a6f8,0x000000008f900000)
 Metaspace       used 15982K, capacity 16210K, committed 16384K, reserved 1062912K
  class space    used 1902K, capacity 1976K, committed 2048K, reserved 1048576K
}
Event: 2.062 GC heap before
{Heap before GC invocations=4 (full 0):
 PSYoungGen      total 66048K, used 66016K [0x00000000d8e00000, 0x00000000e0f00000, 0x0000000100000000)
  eden space 61440K, 100% used [0x00000000d8e00000,0x00000000dca00000,0x00000000dca00000)
  from space 4608K, 99% used [0x00000000dca00000,0x00000000dce78040,0x00000000dce80000)
  to   space 4608K, 0% used [0x00000000e0a80000,0x00000000e0a80000,0x00000000e0f00000)
 ParOldGen       total 80896K, used 4649K [0x000000008aa00000, 0x000000008f900000, 0x00000000d8e00000)
  object space 80896K, 5% used [0x000000008aa00000,0x000000008ae8a6f8,0x000000008f900000)
 Metaspace       used 17654K, capacity 18094K, committed 18432K, reserved 1064960K
  class space    used 2062K, capacity 2196K, committed 2304K, reserved 1048576K
Event: 2.071 GC heap after
Heap after GC invocations=4 (full 0):
 PSYoungGen      total 127488K, used 4576K [0x00000000d8e00000, 0x00000000e0f00000, 0x0000000100000000)
  eden space 122880K, 0% used [0x00000000d8e00000,0x00000000d8e00000,0x00000000e0600000)
  from space 4608K, 99% used [0x00000000e0a80000,0x00000000e0ef8020,0x00000000e0f00000)
  to   space 4608K, 0% used [0x00000000e0600000,0x00000000e0600000,0x00000000e0a80000)
 ParOldGen       total 80896K, used 9807K [0x000000008aa00000, 0x000000008f900000, 0x00000000d8e00000)
  object space 80896K, 12% used [0x000000008aa00000,0x000000008b393c48,0x000000008f900000)
 Metaspace       used 17654K, capacity 18094K, committed 18432K, reserved 1064960K
  class space    used 2062K, capacity 2196K, committed 2304K, reserved 1048576K
}
Event: 3.142 GC heap before
{Heap before GC invocations=5 (full 0):
 PSYoungGen      total 127488K, used 126977K [0x00000000d8e00000, 0x00000000e0f00000, 0x0000000100000000)
  eden space 122880K, 99% used [0x00000000d8e00000,0x00000000e0588520,0x00000000e0600000)
  from space 4608K, 99% used [0x00000000e0a80000,0x00000000e0ef8020,0x00000000e0f00000)
  to   space 4608K, 0% used [0x00000000e0600000,0x00000000e0600000,0x00000000e0a80000)
 ParOldGen       total 80896K, used 9807K [0x000000008aa00000, 0x000000008f900000, 0x00000000d8e00000)
  object space 80896K, 12% used [0x000000008aa00000,0x000000008b393c48,0x000000008f900000)
 Metaspace       used 20570K, capacity 21190K, committed 21248K, reserved 1069056K
  class space    used 2373K, capacity 2555K, committed 2560K, reserved 1048576K

Deoptimization events (10 events):
Event: 2.201 Thread 0x00007f201000a800 Uncommon trap: reason=speculate_class_check action=maybe_recompile pc=0x00007f20018b8d24 method=java.nio.charset.CharsetDecoder.decode(Ljava/nio/ByteBuffer;Ljava/nio/CharBuffer;Z)Ljava/nio/charset/CoderResult; @ 57
Event: 2.204 Thread 0x00007f201000a800 Uncommon trap: reason=bimorphic action=maybe_recompile pc=0x00007f200165b420 method=java.util.concurrent.ConcurrentHashMap.get(Ljava/lang/Object;)Ljava/lang/Object; @ 149
Event: 2.208 Thread 0x00007f201000a800 Uncommon trap: reason=bimorphic action=maybe_recompile pc=0x00007f200165b420 method=java.util.concurrent.ConcurrentHashMap.get(Ljava/lang/Object;)Ljava/lang/Object; @ 149
Event: 2.312 Thread 0x00007f201000a800 Uncommon trap: reason=speculate_class_check action=maybe_recompile pc=0x00007f2001a0b5d4 method=java.nio.charset.CharsetDecoder.decode(Ljava/nio/ByteBuffer;Ljava/nio/CharBuffer;Z)Ljava/nio/charset/CoderResult; @ 57
Event: 2.313 Thread 0x00007f201000a800 Uncommon trap: reason=speculate_class_check action=maybe_recompile pc=0x00007f2001a0b5d4 method=java.nio.charset.CharsetDecoder.decode(Ljava/nio/ByteBuffer;Ljava/nio/CharBuffer;Z)Ljava/nio/charset/CoderResult; @ 57
Event: 2.424 Thread 0x00007f201000a800 Uncommon trap: reason=unstable_if action=reinterpret pc=0x00007f2001934d30 method=java.util.HashMap.getNode(ILjava/lang/Object;)Ljava/util/HashMap$Node; @ 53
Event: 2.424 Thread 0x00007f201000a800 Uncommon trap: reason=unstable_if action=reinterpret pc=0x00007f2001353714 method=java.util.HashMap.getNode(ILjava/lang/Object;)Ljava/util/HashMap$Node; @ 53
Event: 2.711 Thread 0x00007f201000a800 Uncommon trap: reason=unstable_if action=reinterpret pc=0x00007f2001515ee4 method=java.lang.StringBuffer.toString()Ljava/lang/String; @ 4
Event: 2.944 Thread 0x00007f201000a800 Uncommon trap: reason=unstable_if action=reinterpret pc=0x00007f2001b5b83c method=com.google.inject.internal.InjectorImpl.callInContext(Lcom/google/inject/internal/ContextualCallable;)Ljava/lang/Object; @ 161
Event: 3.030 Thread 0x00007f201000a800 Uncommon trap: reason=predicate action=maybe_recompile pc=0x00007f20018d1578 method=sun.misc.Resource.getBytes()[B @ 53

Classes redefined (0 events):
No events

Internal exceptions (10 events):
Event: 1.190 Thread 0x00007f201000a800 Exception <a 'java/lang/NullPointerException'> (0x00000000dba207f8) thrown at [/build/openjdk-8-wnL82d/openjdk-8-8u171-b11/src/hotspot/src/share/vm/interpreter/linkResolver.cpp, line 1185]
Event: 1.190 Thread 0x00007f201000a800 Exception <a 'java/lang/NullPointerException'> (0x00000000dba27a60) thrown at [/build/openjdk-8-wnL82d/openjdk-8-8u171-b11/src/hotspot/src/share/vm/interpreter/linkResolver.cpp, line 1185]
Event: 1.190 Thread 0x00007f201000a800 Exception <a 'java/lang/NullPointerException'> (0x00000000dba27c78) thrown at [/build/openjdk-8-wnL82d/openjdk-8-8u171-b11/src/hotspot/src/share/vm/interpreter/linkResolver.cpp, line 1185]
Event: 1.190 Thread 0x00007f201000a800 Exception <a 'java/lang/NullPointerException'> (0x00000000dba27e90) thrown at [/build/openjdk-8-wnL82d/openjdk-8-8u171-b11/src/hotspot/src/share/vm/interpreter/linkResolver.cpp, line 1185]
Event: 1.192 Thread 0x00007f201000a800 Exception <a 'java/io/FileNotFoundException'> (0x00000000dba424c0) thrown at [/build/openjdk-8-wnL82d/openjdk-8-8u171-b11/src/hotspot/src/share/vm/prims/jni.cpp, line 709]
Event: 1.495 Thread 0x00007f201000a800 Implicit null exception at 0x00007f20016ffa9c to 0x00007f200170040d
Event: 1.701 Thread 0x00007f201000a800 Implicit null exception at 0x00007f2001381ef5 to 0x00007f20013820fd
Event: 1.702 Thread 0x00007f201000a800 Implicit null exception at 0x00007f20012e6baf to 0x00007f20012e6c19
Event: 2.944 Thread 0x00007f201000a800 Implicit null exception at 0x00007f2001b5a747 to 0x00007f2001b5b821
Event: 3.027 Thread 0x00007f201000a800 Exception <a 'java/lang/ClassNotFoundException': com/sun/tools/javac/api/JavacTool> (0x00000000dff09928) thrown at [/build/openjdk-8-wnL82d/openjdk-8-8u171-b11/src/hotspot/src/share/vm/classfile/systemDictionary.cpp, line 210]

Events (10 events):
Event: 3.140 loading class com/sun/tools/javac/code/Types$23 done
Event: 3.140 loading class com/sun/tools/javac/code/Types$24
Event: 3.140 loading class com/sun/tools/javac/code/Types$24 done
Event: 3.140 loading class com/sun/tools/javac/code/Types$25
Event: 3.140 loading class com/sun/tools/javac/code/Types$25 done
Event: 3.140 loading class com/sun/tools/javac/code/Types$22
Event: 3.140 loading class com/sun/tools/javac/code/Types$22 done
Event: 3.141 loading class com/sun/tools/javac/code/Types$26
Event: 3.141 loading class com/sun/tools/javac/code/Types$26 done
Event: 3.141 Executing VM operation: CollectForMetadataAllocation


Dynamic libraries:
00400000-00401000 r-xp 00000000 103:01 2892082                           /usr/lib/jvm/java-8-openjdk-amd64/jre/bin/java
00600000-00601000 r--p 00000000 103:01 2892082                           /usr/lib/jvm/java-8-openjdk-amd64/jre/bin/java
00601000-00602000 rw-p 00001000 103:01 2892082                           /usr/lib/jvm/java-8-openjdk-amd64/jre/bin/java
01c13000-01c34000 rw-p 00000000 00:00 0                                  [heap]
8aa00000-8f900000 rw-p 00000000 00:00 0 
8f900000-d8e00000 ---p 00000000 00:00 0 
d8e00000-e0f00000 rw-p 00000000 00:00 0 
e9800000-100000000 ---p 00000000 00:00 0 
100000000-100280000 rw-p 00000000 00:00 0 
100280000-140000000 ---p 00000000 00:00 0 
7f1fc0fff000-7f1fc4000000 rw-p 00000000 00:00 0 
7f1fc4000000-7f1fc4021000 rw-p 00000000 00:00 0 
7f1fc4021000-7f1fc8000000 ---p 00000000 00:00 0 
7f1fc8000000-7f1fc8021000 rw-p 00000000 00:00 0 
7f1fc8021000-7f1fcc000000 ---p 00000000 00:00 0 
7f1fcc000000-7f1fcd410000 rw-p 00000000 00:00 0 
7f1fcd410000-7f1fd0000000 ---p 00000000 00:00 0 
7f1fd0000000-7f1fd100a000 rw-p 00000000 00:00 0 
7f1fd100a000-7f1fd4000000 ---p 00000000 00:00 0 
7f1fd4000000-7f1fd4021000 rw-p 00000000 00:00 0 
7f1fd4021000-7f1fd8000000 ---p 00000000 00:00 0 
7f1fd8000000-7f1fd9185000 rw-p 00000000 00:00 0 
7f1fd9185000-7f1fdc000000 ---p 00000000 00:00 0 
7f1fdc000000-7f1fdc021000 rw-p 00000000 00:00 0 
7f1fdc021000-7f1fe0000000 ---p 00000000 00:00 0 
7f1fe0000000-7f1fe0021000 rw-p 00000000 00:00 0 
7f1fe0021000-7f1fe4000000 ---p 00000000 00:00 0 
7f1fe4000000-7f1fe4021000 rw-p 00000000 00:00 0 
7f1fe4021000-7f1fe8000000 ---p 00000000 00:00 0 
7f1fe8000000-7f1fe8021000 rw-p 00000000 00:00 0 
7f1fe8021000-7f1fec000000 ---p 00000000 00:00 0 
7f1fec000000-7f1fec021000 rw-p 00000000 00:00 0 
7f1fec021000-7f1ff0000000 ---p 00000000 00:00 0 
7f1ff1621000-7f1ff1661000 rw-p 00000000 00:00 0 
7f1ff1661000-7f1ff1821000 ---p 00000000 00:00 0 
7f1ff1821000-7f1ff1825000 r--s 00034000 103:01 21498594                  /home/nicholas/.m2/repository/org/codehaus/plexus/plexus-utils/3.0/plexus-utils-3.0.jar
7f1ff1825000-7f1ff1827000 r--s 00005000 103:01 21498573                  /home/nicholas/.m2/repository/org/apache/maven/plugins/maven-clean-plugin/2.5/maven-clean-plugin-2.5.jar
7f1ff18f7000-7f1ff1971000 r--s 010ff000 103:01 2898678                   /usr/lib/jvm/java-8-openjdk-amd64/lib/tools.jar
7f1ff1971000-7f1ff1974000 r--s 0001b000 103:01 21627500                  /home/nicholas/.m2/repository/junit/junit/3.8.2/junit-3.8.2.jar
7f1ff1974000-7f1ff1982000 r--s 0008f000 103:01 21628241                  /home/nicholas/.m2/repository/com/google/collections/google-collections/1.0/google-collections-1.0.jar
7f1ff1982000-7f1ff1983000 r--s 0000a000 103:01 21628239                  /home/nicholas/.m2/repository/commons-logging/commons-logging-api/1.1/commons-logging-api-1.1.jar
7f1ff1983000-7f1ff198a000 r--s 00051000 103:01 21628236                  /home/nicholas/.m2/repository/log4j/log4j/1.2.12/log4j-1.2.12.jar
7f1ff198a000-7f1ff198e000 r--s 0001d000 103:01 21628235                  /home/nicholas/.m2/repository/org/apache/xbean/xbean-reflect/3.4/xbean-reflect-3.4.jar
7f1ff198e000-7f1ff198f000 r--s 00004000 103:01 21892866                  /home/nicholas/.m2/repository/org/codehaus/plexus/plexus-compiler-javac/2.4/plexus-compiler-javac-2.4.jar
7f1ff198f000-7f1ff1991000 r--s 00000000 103:01 21892864                  /home/nicholas/.m2/repository/org/codehaus/plexus/plexus-compiler-manager/2.4/plexus-compiler-manager-2.4.jar
7f1ff1991000-7f1ff1993000 r--s 00005000 103:01 21892862                  /home/nicholas/.m2/repository/org/codehaus/plexus/plexus-compiler-api/2.4/plexus-compiler-api-2.4.jar
7f1ff1993000-7f1ff1995000 r--s 00000000 103:01 21628224                  /home/nicholas/.m2/repository/org/codehaus/plexus/plexus-component-annotations/1.5.5/plexus-component-annotations-1.5.5.jar
7f1ff1995000-7f1ff1997000 r--s 00002000 103:01 21628221                  /home/nicholas/.m2/repository/org/apache/maven/shared/maven-shared-incremental/1.1/maven-shared-incremental-1.1.jar
7f1ff1997000-7f1ff1999000 r--s 00006000 103:01 21628219                  /home/nicholas/.m2/repository/com/google/code/findbugs/jsr305/2.0.1/jsr305-2.0.1.jar
7f1ff1999000-7f1ff199c000 r--s 00023000 103:01 21628217                  /home/nicholas/.m2/repository/org/apache/maven/shared/maven-shared-utils/0.1/maven-shared-utils-0.1.jar
7f1ff199c000-7f1ff19a0000 r--s 00030000 103:01 21628188                  /home/nicholas/.m2/repository/org/codehaus/plexus/plexus-utils/1.5.1/plexus-utils-1.5.1.jar
7f1ff19a0000-7f1ff19a2000 r--s 0000a000 103:01 21892759                  /home/nicholas/.m2/repository/org/apache/maven/plugins/maven-compiler-plugin/3.2/maven-compiler-plugin-3.2.jar
7f1ff19a2000-7f1ff19a4000 r--s 0000d000 103:01 21627813                  /home/nicholas/.m2/repository/org/codehaus/plexus/plexus-interpolation/1.13/plexus-interpolation-1.13.jar
7f1ff19a4000-7f1ff19a5000 r--s 00001000 103:01 21627814                  /home/nicholas/.m2/repository/org/sonatype/plexus/plexus-build-api/0.0.4/plexus-build-api-0.0.4.jar
7f1ff19a5000-7f1ff19a7000 r--s 00009000 103:01 21627812                  /home/nicholas/.m2/repository/org/apache/maven/shared/maven-filtering/1.1/maven-filtering-1.1.jar
7f1ff19a7000-7f1ff19ab000 r--s 00033000 103:01 21627808                  /home/nicholas/.m2/repository/org/codehaus/plexus/plexus-utils/2.0.5/plexus-utils-2.0.5.jar
7f1ff19ab000-7f1ff19ad000 r--s 00002000 103:01 21627797                  /home/nicholas/.m2/repository/org/codehaus/plexus/plexus-interactivity-api/1.0-alpha-4/plexus-interactivity-api-1.0-alpha-4.jar
7f1ff19ad000-7f1ff19af000 r--s 00006000 103:01 21627793                  /home/nicholas/.m2/repository/commons-cli/commons-cli/1.0/commons-cli-1.0.jar
7f1ff19af000-7f1ff19b0000 r--s 00001000 103:01 21627787                  /home/nicholas/.m2/repository/org/apache/maven/doxia/doxia-sink-api/1.0-alpha-7/doxia-sink-api-1.0-alpha-7.jar
7f1ff19b0000-7f1ff19b1000 r--s 00002000 103:01 21627786                  /home/nicholas/.m2/repository/org/apache/maven/reporting/maven-reporting-api/2.0.6/maven-reporting-api-2.0.6.jar
7f1ff19b1000-7f1ff19b3000 r--s 00006000 103:01 21627608                  /home/nicholas/.m2/repository/org/apache/maven/plugins/maven-resources-plugin/2.6/maven-resources-plugin-2.6.jar
7f1ff19b3000-7f1ff1bb3000 rw-p 00000000 00:00 0 
7f1ff1bb3000-7f1ff1bb8000 r--s 00039000 103:01 21498531                  /home/nicholas/.m2/repository/org/codehaus/plexus/plexus-utils/1.5.5/plexus-utils-1.5.5.jar
7f1ff1bb8000-7f1ff1bba000 r--s 00008000 103:01 21498525                  /home/nicholas/.m2/repository/org/apache/maven/shared/maven-shared-io/1.1/maven-shared-io-1.1.jar
7f1ff1bba000-7f1ff1bbc000 r--s 00008000 103:01 21498524                  /home/nicholas/.m2/repository/org/apache/maven/shared/file-management/1.2.1/file-management-1.2.1.jar
7f1ff1bbc000-7f1ff1bbf000 r--s 0001b000 103:01 21498518                  /home/nicholas/.m2/repository/junit/junit/3.8.1/junit-3.8.1.jar
7f1ff1bbf000-7f1ff1bc1000 r--s 00007000 103:01 21498516                  /home/nicholas/.m2/repository/org/codehaus/plexus/plexus-interpolation/1.1/plexus-interpolation-1.1.jar
7f1ff1bc1000-7f1ff1bc4000 r--s 00020000 103:01 21498494                  /home/nicholas/.m2/repository/org/codehaus/plexus/plexus-archiver/1.0-alpha-7/plexus-archiver-1.0-alpha-7.jar
7f1ff1bc4000-7f1ff1bc5000 r--s 00002000 103:01 21498498                  /home/nicholas/.m2/repository/org/apache/maven/maven-archiver/2.2/maven-archiver-2.2.jar
7f1ff1bc5000-7f1ff1bc6000 r--s 00003000 103:01 21498490                  /home/nicholas/.m2/repository/org/openmrs/maven/plugins/maven-openmrs-plugin/1.0.1/maven-openmrs-plugin-1.0.1.jar
7f1ff1bc6000-7f1ff1dc6000 rw-p 00000000 00:00 0 
7f1ff1dc6000-7f1ff1dd7000 r-xp 00000000 103:01 2894973                   /usr/lib/jvm/java-8-openjdk-amd64/jre/lib/amd64/libnio.so
7f1ff1dd7000-7f1ff1fd7000 ---p 00011000 103:01 2894973                   /usr/lib/jvm/java-8-openjdk-amd64/jre/lib/amd64/libnio.so
7f1ff1fd7000-7f1ff1fd8000 r--p 00011000 103:01 2894973                   /usr/lib/jvm/java-8-openjdk-amd64/jre/lib/amd64/libnio.so
7f1ff1fd8000-7f1ff1fd9000 rw-p 00012000 103:01 2894973                   /usr/lib/jvm/java-8-openjdk-amd64/jre/lib/amd64/libnio.so
7f1ff1fd9000-7f1ff1fef000 r-xp 00000000 103:01 2894915                   /usr/lib/jvm/java-8-openjdk-amd64/jre/lib/amd64/libnet.so
7f1ff1fef000-7f1ff21ef000 ---p 00016000 103:01 2894915                   /usr/lib/jvm/java-8-openjdk-amd64/jre/lib/amd64/libnet.so
7f1ff21ef000-7f1ff21f0000 r--p 00016000 103:01 2894915                   /usr/lib/jvm/java-8-openjdk-amd64/jre/lib/amd64/libnet.so
7f1ff21f0000-7f1ff21f1000 rw-p 00017000 103:01 2894915                   /usr/lib/jvm/java-8-openjdk-amd64/jre/lib/amd64/libnet.so
7f1ff21f1000-7f1ff21f6000 r--s 0009d000 103:01 2898696                   /usr/lib/jvm/java-8-openjdk-amd64/jre/lib/jsse.jar
7f1ff21f6000-7f1ff23f6000 rw-p 00000000 00:00 0 
7f1ff23f6000-7f1ff25f6000 rw-p 00000000 00:00 0 
7f1ff25f6000-7f1ff27f6000 rw-p 00000000 00:00 0 
7f1ff27f6000-7f1ff27f8000 r--s 00000000 103:01 3412675                   /usr/share/java/plexus-component-annotations-1.5.jar
7f1ff27f8000-7f1ff27f9000 r--s 00002000 103:01 3412479                   /usr/share/java/slf4j-simple.jar
7f1ff27f9000-7f1ff27fa000 r--s 00008000 103:01 3412558                   /usr/share/java/eclipse-aether-connector-basic.jar
7f1ff27fa000-7f1ff27fc000 r--s 00007000 103:01 3412482                   /usr/share/java/slf4j-api.jar
7f1ff27fc000-7f1ff27fe000 r--s 0000e000 103:01 3412461                   /usr/share/java/plexus-interpolation.jar
7f1ff27fe000-7f1ff2800000 r--s 00001000 103:01 3412574                   /usr/share/java/aopalliance-1.0.jar
7f1ff2800000-7f1ff2808000 r--s 00054000 103:01 3412683                   /usr/share/java/sisu-inject.jar
7f1ff2808000-7f1ff280b000 r--s 00007000 103:01 3412713                   /usr/share/java/maven3-settings-builder-3.3.9.jar
7f1ff280b000-7f1ff280c000 r--s 0000a000 103:01 3412704                   /usr/share/java/maven3-settings-3.3.9.jar
7f1ff280c000-7f1ff281a000 r--s 00095000 103:01 3412579                   /usr/share/java/guice.jar
7f1ff281a000-7f1ff281c000 r--s 00005000 103:01 3412561                   /usr/share/java/eclipse-aether-transport-wagon.jar
7f1ff281c000-7f1ff2820000 r--s 00020000 103:01 3412563                   /usr/share/java/eclipse-aether-util.jar
7f1ff2820000-7f1ff2822000 r--s 0000a000 103:01 3412398                   /usr/share/java/commons-cli-1.3.1.jar
7f1ff2822000-7f1ff2827000 r--s 00025000 103:01 3412709                   /usr/share/java/maven3-model-builder-3.3.9.jar
7f1ff2827000-7f1ff2834000 r--s 0008d000 103:01 3412707                   /usr/share/java/maven3-core-3.3.9.jar
7f1ff2834000-7f1ff2837000 r--s 0000a000 103:01 3412715                   /usr/share/java/maven3-artifact-3.3.9.jar
7f1ff2837000-7f1ff2863000 r--s 00208000 103:01 3412502                   /usr/share/java/guava.jar
7f1ff2863000-7f1ff2868000 r--s 00040000 103:01 3412412                   /usr/share/java/commons-lang-2.6.jar
7f1ff2868000-7f1ff286f000 r--s 00041000 103:01 3412706                   /usr/share/java/maven3-compat-3.3.9.jar
7f1ff286f000-7f1ff2871000 r--s 0000a000 103:01 3412705                   /usr/share/java/maven3-plugin-api-3.3.9.jar
7f1ff2871000-7f1ff28a2000 r--s 00207000 103:01 3412691                   /usr/share/java/wagon-http-shaded-2.x.jar
7f1ff28a2000-7f1ff28a7000 r--s 0001d000 103:01 3412562                   /usr/share/java/eclipse-aether-api.jar
7f1ff28a7000-7f1ff28ae000 r--s 0005d000 103:01 3412414                   /usr/share/java/commons-lang3.jar
7f1ff28ae000-7f1ff28c9000 r--s 001d6000 103:01 2892733                   /usr/lib/jvm/java-8-openjdk-amd64/jre/lib/ext/nashorn.jar
7f1ff28c9000-7f1ff28e4000 r--s 00394000 103:01 2892730                   /usr/lib/jvm/java-8-openjdk-amd64/jre/lib/ext/cldrdata.jar
7f1ff28e4000-7f1ff28e5000 ---p 00000000 00:00 0 
7f1ff28e5000-7f1ff29e5000 rw-p 00000000 00:00 0 
7f1ff29e5000-7f1ff29e8000 ---p 00000000 00:00 0 
7f1ff29e8000-7f1ff2ae6000 rw-p 00000000 00:00 0 
7f1ff2ae6000-7f1ff2ae9000 ---p 00000000 00:00 0 
7f1ff2ae9000-7f1ff2be7000 rw-p 00000000 00:00 0 
7f1ff2be7000-7f1ff2bea000 ---p 00000000 00:00 0 
7f1ff2bea000-7f1ff2ce8000 rw-p 00000000 00:00 0 
7f1ff2ce8000-7f1ff2ceb000 ---p 00000000 00:00 0 
7f1ff2ceb000-7f1ff2de9000 rw-p 00000000 00:00 0 
7f1ff2de9000-7f1ff2dec000 ---p 00000000 00:00 0 
7f1ff2dec000-7f1ff2eea000 rw-p 00000000 00:00 0 
7f1ff2eea000-7f1ff32f3000 r--p 00000000 103:01 2885484                   /usr/lib/locale/locale-archive
7f1ff32f3000-7f1ff32f6000 ---p 00000000 00:00 0 
7f1ff32f6000-7f1ff33f4000 rw-p 00000000 00:00 0 
7f1ff33f4000-7f1ff33f7000 ---p 00000000 00:00 0 
7f1ff33f7000-7f1ff34f5000 rw-p 00000000 00:00 0 
7f1ff34f5000-7f1ff34f6000 ---p 00000000 00:00 0 
7f1ff34f6000-7f1ff4000000 rw-p 00000000 00:00 0 
7f1ff4000000-7f1ff4021000 rw-p 00000000 00:00 0 
7f1ff4021000-7f1ff8000000 ---p 00000000 00:00 0 
7f1ff8000000-7f1ff8001000 r--s 00001000 103:01 3412694                   /usr/share/java/wagon-http-shared-2.x.jar
7f1ff8001000-7f1ff8002000 r--s 00000000 103:01 3412384                   /usr/share/java/geronimo-interceptor-3.0-spec-1.0.1.jar
7f1ff8002000-7f1ff8004000 r--s 00012000 103:01 3407960                   /usr/share/java/el-api-3.0.jar
7f1ff8004000-7f1ff8005000 r--s 00000000 103:01 3412379                   /usr/share/java/atinject-jsr330-api-1.0.jar
7f1ff8005000-7f1ff8009000 r--s 00027000 103:01 3412410                   /usr/share/java/commons-io-2.4.jar
7f1ff8009000-7f1ffc000000 rw-p 00000000 00:00 0 
7f1ffc000000-7f1ffc028000 rw-p 00000000 00:00 0 
7f1ffc028000-7f2000000000 ---p 00000000 00:00 0 
7f2000000000-7f2000003000 r--s 00008000 103:01 3412390                   /usr/share/java/cdi-api-1.0.jar
7f2000003000-7f2000007000 r--s 00027000 103:01 3412555                   /usr/share/java/eclipse-aether-impl.jar
7f2000007000-7f2000008000 r--s 00006000 103:01 3412708                   /usr/share/java/maven3-repository-metadata-3.3.9.jar
7f2000008000-7f200000f000 r--s 0002c000 103:01 3412685                   /usr/share/java/sisu-plexus.jar
7f200000f000-7f2000011000 r--s 0000d000 103:01 3412712                   /usr/share/java/maven3-aether-provider-3.3.9.jar
7f2000011000-7f2000013000 r--s 00001000 103:01 3412714                   /usr/share/java/maven3-builder-support-3.3.9.jar
7f2000013000-7f2000015000 r--s 00006000 103:01 3412560                   /usr/share/java/eclipse-aether-spi.jar
7f2000015000-7f2000084000 rw-p 00000000 00:00 0 
7f2000084000-7f2000253000 r--s 03c2f000 103:01 2897062                   /usr/lib/jvm/java-8-openjdk-amd64/jre/lib/rt.jar
7f2000253000-7f2000dfe000 rw-p 00000000 00:00 0 
7f2000dfe000-7f2000dff000 ---p 00000000 00:00 0 
7f2000dff000-7f2000eff000 rw-p 00000000 00:00 0 
7f2000eff000-7f2000f00000 ---p 00000000 00:00 0 
7f2000f00000-7f2001000000 rw-p 00000000 00:00 0 
7f2001000000-7f2001be0000 rwxp 00000000 00:00 0 
7f2001be0000-7f2010000000 ---p 00000000 00:00 0 
7f2010000000-7f2010ccd000 rw-p 00000000 00:00 0 
7f2010ccd000-7f2014000000 ---p 00000000 00:00 0 
7f2014000000-7f2014002000 r--s 00013000 103:01 3412710                   /usr/share/java/maven3-embedder-3.3.9.jar
7f2014002000-7f2014004000 r--s 00027000 103:01 3412711                   /usr/share/java/maven3-model-3.3.9.jar
7f2014004000-7f2014005000 r--s 00001000 103:01 3412687                   /usr/share/java/wagon-file-2.x.jar
7f2014005000-7f201400b000 r--s 00048000 103:01 3412498                   /usr/share/java/jsoup.jar
7f201400b000-7f201400d000 r--s 00002000 103:01 3412625                   /usr/share/java/plexus-cipher.jar
7f201400d000-7f20140a4000 rw-p 00000000 00:00 0 
7f20140a4000-7f20140a5000 ---p 00000000 00:00 0 
7f20140a5000-7f20141a5000 rw-p 00000000 00:00 0 
7f20141a5000-7f20141a6000 ---p 00000000 00:00 0 
7f20141a6000-7f20142ce000 rw-p 00000000 00:00 0 
7f20142ce000-7f2014518000 ---p 00000000 00:00 0 
7f2014518000-7f2014540000 rw-p 00000000 00:00 0 
7f2014540000-7f201478a000 ---p 00000000 00:00 0 
7f201478a000-7f20147cb000 rw-p 00000000 00:00 0 
7f20147cb000-7f20148c3000 ---p 00000000 00:00 0 
7f20148c3000-7f20148f4000 rw-p 00000000 00:00 0 
7f20148f4000-7f2014c84000 ---p 00000000 00:00 0 
7f2014c84000-7f2014c8c000 r-xp 00000000 103:01 2892761                   /usr/lib/jvm/java-8-openjdk-amd64/jre/lib/amd64/libzip.so
7f2014c8c000-7f2014e8b000 ---p 00008000 103:01 2892761                   /usr/lib/jvm/java-8-openjdk-amd64/jre/lib/amd64/libzip.so
7f2014e8b000-7f2014e8c000 r--p 00007000 103:01 2892761                   /usr/lib/jvm/java-8-openjdk-amd64/jre/lib/amd64/libzip.so
7f2014e8c000-7f2014e8d000 rw-p 00008000 103:01 2892761                   /usr/lib/jvm/java-8-openjdk-amd64/jre/lib/amd64/libzip.so
7f2014e8d000-7f2014e98000 r-xp 00000000 103:01 2626300                   /lib/x86_64-linux-gnu/libnss_files-2.23.so
7f2014e98000-7f2015097000 ---p 0000b000 103:01 2626300                   /lib/x86_64-linux-gnu/libnss_files-2.23.so
7f2015097000-7f2015098000 r--p 0000a000 103:01 2626300                   /lib/x86_64-linux-gnu/libnss_files-2.23.so
7f2015098000-7f2015099000 rw-p 0000b000 103:01 2626300                   /lib/x86_64-linux-gnu/libnss_files-2.23.so
7f2015099000-7f201509f000 rw-p 00000000 00:00 0 
7f201509f000-7f20150aa000 r-xp 00000000 103:01 2626304                   /lib/x86_64-linux-gnu/libnss_nis-2.23.so
7f20150aa000-7f20152a9000 ---p 0000b000 103:01 2626304                   /lib/x86_64-linux-gnu/libnss_nis-2.23.so
7f20152a9000-7f20152aa000 r--p 0000a000 103:01 2626304                   /lib/x86_64-linux-gnu/libnss_nis-2.23.so
7f20152aa000-7f20152ab000 rw-p 0000b000 103:01 2626304                   /lib/x86_64-linux-gnu/libnss_nis-2.23.so
7f20152ab000-7f20152c1000 r-xp 00000000 103:01 2626284                   /lib/x86_64-linux-gnu/libnsl-2.23.so
7f20152c1000-7f20154c0000 ---p 00016000 103:01 2626284                   /lib/x86_64-linux-gnu/libnsl-2.23.so
7f20154c0000-7f20154c1000 r--p 00015000 103:01 2626284                   /lib/x86_64-linux-gnu/libnsl-2.23.so
7f20154c1000-7f20154c2000 rw-p 00016000 103:01 2626284                   /lib/x86_64-linux-gnu/libnsl-2.23.so
7f20154c2000-7f20154c4000 rw-p 00000000 00:00 0 
7f20154c4000-7f20154cc000 r-xp 00000000 103:01 2626295                   /lib/x86_64-linux-gnu/libnss_compat-2.23.so
7f20154cc000-7f20156cb000 ---p 00008000 103:01 2626295                   /lib/x86_64-linux-gnu/libnss_compat-2.23.so
7f20156cb000-7f20156cc000 r--p 00007000 103:01 2626295                   /lib/x86_64-linux-gnu/libnss_compat-2.23.so
7f20156cc000-7f20156cd000 rw-p 00008000 103:01 2626295                   /lib/x86_64-linux-gnu/libnss_compat-2.23.so
7f20156cd000-7f20156fa000 r-xp 00000000 103:01 2892752                   /usr/lib/jvm/java-8-openjdk-amd64/jre/lib/amd64/libjava.so
7f20156fa000-7f20158f9000 ---p 0002d000 103:01 2892752                   /usr/lib/jvm/java-8-openjdk-amd64/jre/lib/amd64/libjava.so
7f20158f9000-7f20158fa000 r--p 0002c000 103:01 2892752                   /usr/lib/jvm/java-8-openjdk-amd64/jre/lib/amd64/libjava.so
7f20158fa000-7f20158fc000 rw-p 0002d000 103:01 2892752                   /usr/lib/jvm/java-8-openjdk-amd64/jre/lib/amd64/libjava.so
7f20158fc000-7f201590b000 r-xp 00000000 103:01 2892738                   /usr/lib/jvm/java-8-openjdk-amd64/jre/lib/amd64/libverify.so
7f201590b000-7f2015b0a000 ---p 0000f000 103:01 2892738                   /usr/lib/jvm/java-8-openjdk-amd64/jre/lib/amd64/libverify.so
7f2015b0a000-7f2015b0c000 r--p 0000e000 103:01 2892738                   /usr/lib/jvm/java-8-openjdk-amd64/jre/lib/amd64/libverify.so
7f2015b0c000-7f2015b0d000 rw-p 00010000 103:01 2892738                   /usr/lib/jvm/java-8-openjdk-amd64/jre/lib/amd64/libverify.so
7f2015b0d000-7f2015b14000 r-xp 00000000 103:01 2626305                   /lib/x86_64-linux-gnu/librt-2.23.so
7f2015b14000-7f2015d13000 ---p 00007000 103:01 2626305                   /lib/x86_64-linux-gnu/librt-2.23.so
7f2015d13000-7f2015d14000 r--p 00006000 103:01 2626305                   /lib/x86_64-linux-gnu/librt-2.23.so
7f2015d14000-7f2015d15000 rw-p 00007000 103:01 2626305                   /lib/x86_64-linux-gnu/librt-2.23.so
7f2015d15000-7f2015d2c000 r-xp 00000000 103:01 2625930                   /lib/x86_64-linux-gnu/libgcc_s.so.1
7f2015d2c000-7f2015f2b000 ---p 00017000 103:01 2625930                   /lib/x86_64-linux-gnu/libgcc_s.so.1
7f2015f2b000-7f2015f2c000 r--p 00016000 103:01 2625930                   /lib/x86_64-linux-gnu/libgcc_s.so.1
7f2015f2c000-7f2015f2d000 rw-p 00017000 103:01 2625930                   /lib/x86_64-linux-gnu/libgcc_s.so.1
7f2015f2d000-7f2016035000 r-xp 00000000 103:01 2626283                   /lib/x86_64-linux-gnu/libm-2.23.so
7f2016035000-7f2016234000 ---p 00108000 103:01 2626283                   /lib/x86_64-linux-gnu/libm-2.23.so
7f2016234000-7f2016235000 r--p 00107000 103:01 2626283                   /lib/x86_64-linux-gnu/libm-2.23.so
7f2016235000-7f2016236000 rw-p 00108000 103:01 2626283                   /lib/x86_64-linux-gnu/libm-2.23.so
7f2016236000-7f20163b2000 r-xp 00000000 103:01 3015023                   /usr/lib/x86_64-linux-gnu/libstdc++.so.6.0.25
7f20163b2000-7f20165b2000 ---p 0017c000 103:01 3015023                   /usr/lib/x86_64-linux-gnu/libstdc++.so.6.0.25
7f20165b2000-7f20165bc000 r--p 0017c000 103:01 3015023                   /usr/lib/x86_64-linux-gnu/libstdc++.so.6.0.25
7f20165bc000-7f20165be000 rw-p 00186000 103:01 3015023                   /usr/lib/x86_64-linux-gnu/libstdc++.so.6.0.25
7f20165be000-7f20165c2000 rw-p 00000000 00:00 0 
7f20165c2000-7f201721b000 r-xp 00000000 103:01 2894911                   /usr/lib/jvm/java-8-openjdk-amd64/jre/lib/amd64/server/libjvm.so
7f201721b000-7f201741b000 ---p 00c59000 103:01 2894911                   /usr/lib/jvm/java-8-openjdk-amd64/jre/lib/amd64/server/libjvm.so
7f201741b000-7f20174ae000 r--p 00c59000 103:01 2894911                   /usr/lib/jvm/java-8-openjdk-amd64/jre/lib/amd64/server/libjvm.so
7f20174ae000-7f20174d7000 rw-p 00cec000 103:01 2894911                   /usr/lib/jvm/java-8-openjdk-amd64/jre/lib/amd64/server/libjvm.so
7f20174d7000-7f2017507000 rw-p 00000000 00:00 0 
7f2017507000-7f201751f000 r-xp 00000000 103:01 2626286                   /lib/x86_64-linux-gnu/libpthread-2.23.so
7f201751f000-7f201771e000 ---p 00018000 103:01 2626286                   /lib/x86_64-linux-gnu/libpthread-2.23.so
7f201771e000-7f201771f000 r--p 00017000 103:01 2626286                   /lib/x86_64-linux-gnu/libpthread-2.23.so
7f201771f000-7f2017720000 rw-p 00018000 103:01 2626286                   /lib/x86_64-linux-gnu/libpthread-2.23.so
7f2017720000-7f2017724000 rw-p 00000000 00:00 0 
7f2017724000-7f2017727000 r-xp 00000000 103:01 2626289                   /lib/x86_64-linux-gnu/libdl-2.23.so
7f2017727000-7f2017926000 ---p 00003000 103:01 2626289                   /lib/x86_64-linux-gnu/libdl-2.23.so
7f2017926000-7f2017927000 r--p 00002000 103:01 2626289                   /lib/x86_64-linux-gnu/libdl-2.23.so
7f2017927000-7f2017928000 rw-p 00003000 103:01 2626289                   /lib/x86_64-linux-gnu/libdl-2.23.so
7f2017928000-7f2017941000 r-xp 00000000 103:01 2626168                   /lib/x86_64-linux-gnu/libz.so.1.2.8
7f2017941000-7f2017b40000 ---p 00019000 103:01 2626168                   /lib/x86_64-linux-gnu/libz.so.1.2.8
7f2017b40000-7f2017b41000 r--p 00018000 103:01 2626168                   /lib/x86_64-linux-gnu/libz.so.1.2.8
7f2017b41000-7f2017b42000 rw-p 00019000 103:01 2626168                   /lib/x86_64-linux-gnu/libz.so.1.2.8
7f2017b42000-7f2017d02000 r-xp 00000000 103:01 2626287                   /lib/x86_64-linux-gnu/libc-2.23.so
7f2017d02000-7f2017f02000 ---p 001c0000 103:01 2626287                   /lib/x86_64-linux-gnu/libc-2.23.so
7f2017f02000-7f2017f06000 r--p 001c0000 103:01 2626287                   /lib/x86_64-linux-gnu/libc-2.23.so
7f2017f06000-7f2017f08000 rw-p 001c4000 103:01 2626287                   /lib/x86_64-linux-gnu/libc-2.23.so
7f2017f08000-7f2017f0c000 rw-p 00000000 00:00 0 
7f2017f0c000-7f2017f19000 r-xp 00000000 103:01 2892762                   /usr/lib/jvm/java-8-openjdk-amd64/jre/lib/amd64/jli/libjli.so
7f2017f19000-7f2018119000 ---p 0000d000 103:01 2892762                   /usr/lib/jvm/java-8-openjdk-amd64/jre/lib/amd64/jli/libjli.so
7f2018119000-7f201811a000 r--p 0000d000 103:01 2892762                   /usr/lib/jvm/java-8-openjdk-amd64/jre/lib/amd64/jli/libjli.so
7f201811a000-7f201811b000 rw-p 0000e000 103:01 2892762                   /usr/lib/jvm/java-8-openjdk-amd64/jre/lib/amd64/jli/libjli.so
7f201811b000-7f2018141000 r-xp 00000000 103:01 2626285                   /lib/x86_64-linux-gnu/ld-2.23.so
7f2018141000-7f2018142000 r--s 00006000 103:01 3412627                   /usr/share/java/plexus-sec-dispatcher.jar
7f2018142000-7f2018144000 r--s 0000a000 103:01 3412688                   /usr/share/java/wagon-provider-api-2.x.jar
7f2018144000-7f2018148000 r--s 00038000 103:01 3412671                   /usr/share/java/plexus-utils2.jar
7f2018148000-7f201814a000 r--s 0000a000 103:01 3412669                   /usr/share/java/plexus-classworlds2-2.5.2.jar
7f201814a000-7f201814d000 r--s 00038000 103:01 2892729                   /usr/lib/jvm/java-8-openjdk-amd64/jre/lib/ext/sunpkcs11.jar
7f201814d000-7f2018153000 r--s 0003b000 103:01 2892731                   /usr/lib/jvm/java-8-openjdk-amd64/jre/lib/ext/sunjce_provider.jar
7f2018153000-7f2018156000 r--s 0000f000 103:01 2892732                   /usr/lib/jvm/java-8-openjdk-amd64/jre/lib/ext/icedtea-sound.jar
7f2018156000-7f201821f000 rw-p 00000000 00:00 0 
7f201821f000-7f2018222000 ---p 00000000 00:00 0 
7f2018222000-7f2018324000 rw-p 00000000 00:00 0 
7f2018324000-7f2018325000 r--s 00004000 103:01 3412378                   /usr/share/java/atinject-jsr330-tck-1.0.jar
7f2018325000-7f2018326000 r--s 0000a000 103:01 2892734                   /usr/lib/jvm/java-8-openjdk-amd64/jre/lib/ext/jaccess.jar
7f2018326000-7f2018328000 r--s 00001000 103:01 2892728                   /usr/lib/jvm/java-8-openjdk-amd64/jre/lib/ext/dnsns.jar
7f2018328000-7f2018329000 r--s 00010000 103:01 2892727                   /usr/lib/jvm/java-8-openjdk-amd64/jre/lib/ext/zipfs.jar
7f2018329000-7f201832b000 r--s 00008000 103:01 2892726                   /usr/lib/jvm/java-8-openjdk-amd64/jre/lib/ext/sunec.jar
7f201832b000-7f2018335000 r--s 00116000 103:01 2892735                   /usr/lib/jvm/java-8-openjdk-amd64/jre/lib/ext/localedata.jar
7f2018335000-7f201833d000 rw-s 00000000 103:01 19538507                  /tmp/hsperfdata_nicholas/25025
7f201833d000-7f201833e000 rw-p 00000000 00:00 0 
7f201833e000-7f201833f000 ---p 00000000 00:00 0 
7f201833f000-7f2018340000 rw-p 00000000 00:00 0 
7f2018340000-7f2018341000 r--p 00025000 103:01 2626285                   /lib/x86_64-linux-gnu/ld-2.23.so
7f2018341000-7f2018342000 rw-p 00026000 103:01 2626285                   /lib/x86_64-linux-gnu/ld-2.23.so
7f2018342000-7f2018343000 rw-p 00000000 00:00 0 
7fffb56d1000-7fffb56f3000 rw-p 00000000 00:00 0                          [stack]
7fffb5744000-7fffb5747000 r--p 00000000 00:00 0                          [vvar]
7fffb5747000-7fffb5749000 r-xp 00000000 00:00 0                          [vdso]
ffffffffff600000-ffffffffff601000 r-xp 00000000 00:00 0                  [vsyscall]

VM Arguments:
jvm_args: -Dclassworlds.conf=/usr/share/maven/bin/m2.conf -Dmaven.home=/usr/share/maven -Dmaven.multiModuleProjectDirectory=/home/nicholas/workspace/intellisoft/AIHD/openmrs-module-aihd-reports 
java_command: org.codehaus.plexus.classworlds.launcher.Launcher clean package
java_class_path (initial): /usr/share/maven/boot/plexus-classworlds-2.x.jar
Launcher Type: SUN_STANDARD

Environment Variables:
JAVA_HOME=/usr/lib/jvm/java-8-openjdk-amd64
PATH=/usr/lib/git-core:/home/nicholas/bin:/home/nicholas/.local/bin:/usr/local/sbin:/usr/local/bin:/usr/sbin:/usr/bin:/sbin:/bin:/usr/games:/usr/local/games:/snap/bin
SHELL=/bin/bash
DISPLAY=:0

Signal Handlers:
SIGSEGV: [libjvm.so+0xa6e6f0], sa_mask[0]=11111111011111111101111111111110, sa_flags=SA_RESTART|SA_SIGINFO
SIGBUS: [libjvm.so+0xa6e6f0], sa_mask[0]=11111111011111111101111111111110, sa_flags=SA_RESTART|SA_SIGINFO
SIGFPE: [libjvm.so+0x8b5d50], sa_mask[0]=11111111011111111101111111111110, sa_flags=SA_RESTART|SA_SIGINFO
SIGPIPE: [libjvm.so+0x8b5d50], sa_mask[0]=11111111011111111101111111111110, sa_flags=SA_RESTART|SA_SIGINFO
SIGXFSZ: [libjvm.so+0x8b5d50], sa_mask[0]=11111111011111111101111111111110, sa_flags=SA_RESTART|SA_SIGINFO
SIGILL: [libjvm.so+0x8b5d50], sa_mask[0]=11111111011111111101111111111110, sa_flags=SA_RESTART|SA_SIGINFO
SIGUSR1: SIG_DFL, sa_mask[0]=00000000000000000000000000000000, sa_flags=none
SIGUSR2: [libjvm.so+0x8b5c00], sa_mask[0]=00000000000000000000000000000000, sa_flags=SA_RESTART|SA_SIGINFO
SIGHUP: [libjvm.so+0x8b60d0], sa_mask[0]=11111111011111111101111111111110, sa_flags=SA_RESTART|SA_SIGINFO
SIGINT: [libjvm.so+0x8b60d0], sa_mask[0]=11111111011111111101111111111110, sa_flags=SA_RESTART|SA_SIGINFO
SIGTERM: [libjvm.so+0x8b60d0], sa_mask[0]=11111111011111111101111111111110, sa_flags=SA_RESTART|SA_SIGINFO
SIGQUIT: [libjvm.so+0x8b60d0], sa_mask[0]=11111111011111111101111111111110, sa_flags=SA_RESTART|SA_SIGINFO


---------------  S Y S T E M  ---------------

OS:DISTRIB_ID=Ubuntu
DISTRIB_RELEASE=16.04
DISTRIB_CODENAME=xenial
DISTRIB_DESCRIPTION="Ubuntu 16.04.4 LTS"

uname:Linux 4.13.0-45-generic #50~16.04.1-Ubuntu SMP Wed May 30 11:18:27 UTC 2018 x86_64
libc:glibc 2.23 NPTL 2.23 
rlimit: STACK 8192k, CORE 0k, NPROC 29835, NOFILE 1048576, AS infinity
load average:1.15 0.76 0.76

/proc/meminfo:
MemTotal:        7691140 kB
MemFree:          119260 kB
MemAvailable:      32380 kB
Buffers:            6512 kB
Cached:           472296 kB
SwapCached:        22780 kB
Active:          6072280 kB
Inactive:        1033336 kB
Active(anon):    6051624 kB
Inactive(anon):  1012340 kB
Active(file):      20656 kB
Inactive(file):    20996 kB
Unevictable:         896 kB
Mlocked:             896 kB
SwapTotal:       7905276 kB
SwapFree:              0 kB
Dirty:               256 kB
Writeback:             0 kB
AnonPages:       6607764 kB
Mapped:           165960 kB
Shmem:            437124 kB
Slab:             197784 kB
SReclaimable:      71044 kB
SUnreclaim:       126740 kB
KernelStack:       29328 kB
PageTables:       133896 kB
NFS_Unstable:          0 kB
Bounce:                0 kB
WritebackTmp:          0 kB
CommitLimit:    11750844 kB
Committed_AS:   35416980 kB
VmallocTotal:   34359738367 kB
VmallocUsed:           0 kB
VmallocChunk:          0 kB
HardwareCorrupted:     0 kB
AnonHugePages:         0 kB
ShmemHugePages:        0 kB
ShmemPmdMapped:        0 kB
CmaTotal:              0 kB
CmaFree:               0 kB
HugePages_Total:       0
HugePages_Free:        0
HugePages_Rsvd:        0
HugePages_Surp:        0
Hugepagesize:       2048 kB
DirectMap4k:      525872 kB
DirectMap2M:     7380992 kB
DirectMap1G:           0 kB


CPU:total 4 (initial active 4) (2 cores per cpu, 2 threads per core) family 6 model 142 stepping 9, cmov, cx8, fxsr, mmx, sse, sse2, sse3, ssse3, sse4.1, sse4.2, popcnt, avx, avx2, aes, clmul, erms, 3dnowpref, lzcnt, ht, tsc, tscinvbit, bmi1, bmi2, adx

/proc/cpuinfo:
processor	: 0
vendor_id	: GenuineIntel
cpu family	: 6
model		: 142
model name	: Intel(R) Core(TM) i7-7500U CPU @ 2.70GHz
stepping	: 9
microcode	: 0x84
cpu MHz		: 3499.938
cache size	: 4096 KB
physical id	: 0
siblings	: 4
core id		: 0
cpu cores	: 2
apicid		: 0
initial apicid	: 0
fpu		: yes
fpu_exception	: yes
cpuid level	: 22
wp		: yes
flags		: fpu vme de pse tsc msr pae mce cx8 apic sep mtrr pge mca cmov pat pse36 clflush dts acpi mmx fxsr sse sse2 ss ht tm pbe syscall nx pdpe1gb rdtscp lm constant_tsc art arch_perfmon pebs bts rep_good nopl xtopology nonstop_tsc cpuid aperfmperf tsc_known_freq pni pclmulqdq dtes64 monitor ds_cpl vmx est tm2 ssse3 sdbg fma cx16 xtpr pdcm pcid sse4_1 sse4_2 x2apic movbe popcnt tsc_deadline_timer aes xsave avx f16c rdrand lahf_lm abm 3dnowprefetch cpuid_fault epb invpcid_single pti retpoline intel_pt rsb_ctxsw spec_ctrl tpr_shadow vnmi flexpriority ept vpid fsgsbase tsc_adjust bmi1 avx2 smep bmi2 erms invpcid mpx rdseed adx smap clflushopt xsaveopt xsavec xgetbv1 xsaves dtherm ida arat pln pts hwp hwp_notify hwp_act_window hwp_epp
bugs		: cpu_meltdown spectre_v1 spectre_v2 spec_store_bypass
bogomips	: 5808.00
clflush size	: 64
cache_alignment	: 64
address sizes	: 39 bits physical, 48 bits virtual
power management:

processor	: 1
vendor_id	: GenuineIntel
cpu family	: 6
model		: 142
model name	: Intel(R) Core(TM) i7-7500U CPU @ 2.70GHz
stepping	: 9
microcode	: 0x84
cpu MHz		: 3500.000
cache size	: 4096 KB
physical id	: 0
siblings	: 4
core id		: 1
cpu cores	: 2
apicid		: 2
initial apicid	: 2
fpu		: yes
fpu_exception	: yes
cpuid level	: 22
wp		: yes
flags		: fpu vme de pse tsc msr pae mce cx8 apic sep mtrr pge mca cmov pat pse36 clflush dts acpi mmx fxsr sse sse2 ss ht tm pbe syscall nx pdpe1gb rdtscp lm constant_tsc art arch_perfmon pebs bts rep_good nopl xtopology nonstop_tsc cpuid aperfmperf tsc_known_freq pni pclmulqdq dtes64 monitor ds_cpl vmx est tm2 ssse3 sdbg fma cx16 xtpr pdcm pcid sse4_1 sse4_2 x2apic movbe popcnt tsc_deadline_timer aes xsave avx f16c rdrand lahf_lm abm 3dnowprefetch cpuid_fault epb invpcid_single pti retpoline intel_pt rsb_ctxsw spec_ctrl tpr_shadow vnmi flexpriority ept vpid fsgsbase tsc_adjust bmi1 avx2 smep bmi2 erms invpcid mpx rdseed adx smap clflushopt xsaveopt xsavec xgetbv1 xsaves dtherm ida arat pln pts hwp hwp_notify hwp_act_window hwp_epp
bugs		: cpu_meltdown spectre_v1 spectre_v2 spec_store_bypass
bogomips	: 5808.00
clflush size	: 64
cache_alignment	: 64
address sizes	: 39 bits physical, 48 bits virtual
power management:

processor	: 2
vendor_id	: GenuineIntel
cpu family	: 6
model		: 142
model name	: Intel(R) Core(TM) i7-7500U CPU @ 2.70GHz
stepping	: 9
microcode	: 0x84
cpu MHz		: 3500.008
cache size	: 4096 KB
physical id	: 0
siblings	: 4
core id		: 0
cpu cores	: 2
apicid		: 1
initial apicid	: 1
fpu		: yes
fpu_exception	: yes
cpuid level	: 22
wp		: yes
flags		: fpu vme de pse tsc msr pae mce cx8 apic sep mtrr pge mca cmov pat pse36 clflush dts acpi mmx fxsr sse sse2 ss ht tm pbe syscall nx pdpe1gb rdtscp lm constant_tsc art arch_perfmon pebs bts rep_good nopl xtopology nonstop_tsc cpuid aperfmperf tsc_known_freq pni pclmulqdq dtes64 monitor ds_cpl vmx est tm2 ssse3 sdbg fma cx16 xtpr pdcm pcid sse4_1 sse4_2 x2apic movbe popcnt tsc_deadline_timer aes xsave avx f16c rdrand lahf_lm abm 3dnowprefetch cpuid_fault epb invpcid_single pti retpoline intel_pt rsb_ctxsw spec_ctrl tpr_shadow vnmi flexpriority ept vpid fsgsbase tsc_adjust bmi1 avx2 smep bmi2 erms invpcid mpx rdseed adx smap clflushopt xsaveopt xsavec xgetbv1 xsaves dtherm ida arat pln pts hwp hwp_notify hwp_act_window hwp_epp
bugs		: cpu_meltdown spectre_v1 spectre_v2 spec_store_bypass
bogomips	: 5808.00
clflush size	: 64
cache_alignment	: 64
address sizes	: 39 bits physical, 48 bits virtual
power management:

processor	: 3
vendor_id	: GenuineIntel
cpu family	: 6
model		: 142
model name	: Intel(R) Core(TM) i7-7500U CPU @ 2.70GHz
stepping	: 9
microcode	: 0x84
cpu MHz		: 3499.999
cache size	: 4096 KB
physical id	: 0
siblings	: 4
core id		: 1
cpu cores	: 2
apicid		: 3
initial apicid	: 3
fpu		: yes
fpu_exception	: yes
cpuid level	: 22
wp		: yes
flags		: fpu vme de pse tsc msr pae mce cx8 apic sep mtrr pge mca cmov pat pse36 clflush dts acpi mmx fxsr sse sse2 ss ht tm pbe syscall nx pdpe1gb rdtscp lm constant_tsc art arch_perfmon pebs bts rep_good nopl xtopology nonstop_tsc cpuid aperfmperf tsc_known_freq pni pclmulqdq dtes64 monitor ds_cpl vmx est tm2 ssse3 sdbg fma cx16 xtpr pdcm pcid sse4_1 sse4_2 x2apic movbe popcnt tsc_deadline_timer aes xsave avx f16c rdrand lahf_lm abm 3dnowprefetch cpuid_fault epb invpcid_single pti retpoline intel_pt rsb_ctxsw spec_ctrl tpr_shadow vnmi flexpriority ept vpid fsgsbase tsc_adjust bmi1 avx2 smep bmi2 erms invpcid mpx rdseed adx smap clflushopt xsaveopt xsavec xgetbv1 xsaves dtherm ida arat pln pts hwp hwp_notify hwp_act_window hwp_epp
bugs		: cpu_meltdown spectre_v1 spectre_v2 spec_store_bypass
bogomips	: 5808.00
clflush size	: 64
cache_alignment	: 64
address sizes	: 39 bits physical, 48 bits virtual
power management:



Memory: 4k page, physical 7691140k(129140k free), swap 7905276k(0k free)

vm_info: OpenJDK 64-Bit Server VM (25.171-b11) for linux-amd64 JRE (1.8.0_171-8u171-b11-0ubuntu0.16.04.1-b11), built on Apr 27 2018 17:19:03 by "buildd" with gcc 5.4.0 20160609

time: Wed Jun 20 15:14:49 2018
elapsed time: 3 seconds (0d 0h 0m 3s)

