#
# There is insufficient memory for the Java Runtime Environment to continue.
# Native memory allocation (mmap) failed to map 143654912 bytes for committing reserved memory.
# Possible reasons:
#   The system is out of physical RAM or swap space
#   In 32 bit mode, the process size limit was hit
# Possible solutions:
#   Reduce memory load on the system
#   Increase physical memory or swap space
#   Check if swap backing store is full
#   Use 64 bit Java on a 64 bit OS
#   Decrease Java heap size (-Xmx/-Xms)
#   Decrease number of Java threads
#   Decrease Java thread stack sizes (-Xss)
#   Set larger code cache with -XX:ReservedCodeCacheSize=
# This output file may be truncated or incomplete.
#
#  Out of Memory Error (os_linux.cpp:2643), pid=24801, tid=0x00007f6198afa700
#
# JRE version: OpenJDK Runtime Environment (8.0_171-b11) (build 1.8.0_171-8u171-b11-0ubuntu0.16.04.1-b11)
# Java VM: OpenJDK 64-Bit Server VM (25.171-b11 mixed mode linux-amd64 compressed oops)
# Failed to write core dump. Core dumps have been disabled. To enable core dumping, try "ulimit -c unlimited" before starting Java again
#

---------------  T H R E A D  ---------------

Current thread (0x00007f61a8078000):  VMThread [stack: 0x00007f61989fa000,0x00007f6198afb000] [id=24834]

Stack: [0x00007f61989fa000,0x00007f6198afb000],  sp=0x00007f6198af94a0,  free space=1021k
Native frames: (J=compiled Java code, j=interpreted, Vv=VM code, C=native code)
V  [libjvm.so+0xa6db9b]
V  [libjvm.so+0x4c694c]
V  [libjvm.so+0x8ba818]
V  [libjvm.so+0x8b4bae]
V  [libjvm.so+0x92ff96]
V  [libjvm.so+0x9312c3]
V  [libjvm.so+0x92d98b]
V  [libjvm.so+0x9267b9]
V  [libjvm.so+0x44aa43]
V  [libjvm.so+0xa6f129]
V  [libjvm.so+0xa74a07]
V  [libjvm.so+0xa72107]
V  [libjvm.so+0xa7358f]
V  [libjvm.so+0xa73a81]
V  [libjvm.so+0x8b7c22]

VM_Operation (0x00007f61b1da6a10): CollectForMetadataAllocation, mode: safepoint, requested by thread 0x00007f61a800a800


---------------  P R O C E S S  ---------------

Java Threads: ( => current thread )
  0x00007f61a80c0000 JavaThread "Service Thread" daemon [_thread_blocked, id=24841, stack(0x00007f6193dfe000,0x00007f6193eff000)]
  0x00007f61a80bd000 JavaThread "C1 CompilerThread2" daemon [_thread_blocked, id=24840, stack(0x00007f6193eff000,0x00007f6194000000)]
  0x00007f61a80bb000 JavaThread "C2 CompilerThread1" daemon [_thread_blocked, id=24839, stack(0x00007f61980ec000,0x00007f61981ed000)]
  0x00007f61a80b8000 JavaThread "C2 CompilerThread0" daemon [_thread_blocked, id=24838, stack(0x00007f61981ed000,0x00007f61982ee000)]
  0x00007f61a80b6800 JavaThread "Signal Dispatcher" daemon [_thread_blocked, id=24837, stack(0x00007f61982ee000,0x00007f61983ef000)]
  0x00007f61a8084800 JavaThread "Finalizer" daemon [_thread_blocked, id=24836, stack(0x00007f61987f8000,0x00007f61988f9000)]
  0x00007f61a8080000 JavaThread "Reference Handler" daemon [_thread_blocked, id=24835, stack(0x00007f61988f9000,0x00007f61989fa000)]
  0x00007f61a800a800 JavaThread "main" [_thread_blocked, id=24829, stack(0x00007f61b1ca9000,0x00007f61b1daa000)]

Other Threads:
=>0x00007f61a8078000 VMThread [stack: 0x00007f61989fa000,0x00007f6198afb000] [id=24834]
  0x00007f61a80c2800 WatcherThread [stack: 0x00007f6193cfd000,0x00007f6193dfe000] [id=24842]

VM state:at safepoint (normal execution)

VM Mutex/Monitor currently owned by a thread:  ([mutex/lock_event])
[0x00007f61a8007040] Threads_lock - owner thread: 0x00007f61a8078000
[0x00007f61a8007540] Heap_lock - owner thread: 0x00007f61a800a800

Heap:
 PSYoungGen      total 127488K, used 4592K [0x00000000d8e00000, 0x00000000e0f00000, 0x0000000100000000)
  eden space 122880K, 0% used [0x00000000d8e00000,0x00000000d8e00000,0x00000000e0600000)
  from space 4608K, 99% used [0x00000000e0600000,0x00000000e0a7c010,0x00000000e0a80000)
  to   space 4608K, 0% used [0x00000000e0a80000,0x00000000e0a80000,0x00000000e0f00000)
 ParOldGen       total 80896K, used 16564K [0x000000008aa00000, 0x000000008f900000, 0x00000000d8e00000)
  object space 80896K, 20% used [0x000000008aa00000,0x000000008ba2d300,0x000000008f900000)
 Metaspace       used 20536K, capacity 21192K, committed 21248K, reserved 1069056K
  class space    used 2373K, capacity 2557K, committed 2560K, reserved 1048576K

Card table byte_map: [0x00007f61adfa2000,0x00007f61ae34e000] byte_map_base: 0x00007f61adb4d000

Marking Bits: (ParMarkBitMap*) 0x00007f61b0f74320
 Begin Bits: [0x00007f6188550000, 0x00007f618a2a8000)
 End Bits:   [0x00007f618a2a8000, 0x00007f618c000000)

Polling page: 0x00007f61b1dc8000

CodeCache: size=245760Kb used=12188Kb max_used=12192Kb free=233571Kb
 bounds [0x00007f6199000000, 0x00007f6199c00000, 0x00007f61a8000000]
 total_blobs=4045 nmethods=3689 adapters=270
 compilation: enabled

Compilation events (10 events):
Event: 2.909 Thread 0x00007f61a80bd000 3691       3       com.sun.tools.javac.util.List::nil (4 bytes)
Event: 2.909 Thread 0x00007f61a80bd000 nmethod 3691 0x00007f6199be77d0 code [0x00007f6199be7920, 0x00007f6199be7a50]
Event: 2.909 Thread 0x00007f61a80bd000 3692       3       com.sun.tools.javac.util.ArrayUtils::ensureCapacity (30 bytes)
Event: 2.909 Thread 0x00007f61a80bd000 nmethod 3692 0x00007f6199be7110 code [0x00007f6199be72a0, 0x00007f6199be7648]
Event: 2.909 Thread 0x00007f61a80bd000 3693       3       com.sun.tools.javac.code.AnnoConstruct::<init> (5 bytes)
Event: 2.910 Thread 0x00007f61a80bd000 nmethod 3693 0x00007f6199be6d50 code [0x00007f6199be6ec0, 0x00007f6199be7070]
Event: 2.910 Thread 0x00007f61a80bd000 3694       3       com.sun.tools.javac.util.List::<init> (15 bytes)
Event: 2.910 Thread 0x00007f61a80bd000 nmethod 3694 0x00007f6199be68d0 code [0x00007f6199be6a40, 0x00007f6199be6c70]
Event: 2.910 Thread 0x00007f61a80bd000 3695       3       com.sun.tools.javac.util.List::of (12 bytes)
Event: 2.910 Thread 0x00007f61a80bd000 nmethod 3695 0x00007f6199be6290 code [0x00007f6199be6420, 0x00007f6199be6750]

GC Heap History (9 events):
Event: 0.536 GC heap before
{Heap before GC invocations=1 (full 0):
 PSYoungGen      total 35328K, used 30720K [0x00000000d8e00000, 0x00000000db500000, 0x0000000100000000)
  eden space 30720K, 100% used [0x00000000d8e00000,0x00000000dac00000,0x00000000dac00000)
  from space 4608K, 0% used [0x00000000db080000,0x00000000db080000,0x00000000db500000)
  to   space 4608K, 0% used [0x00000000dac00000,0x00000000dac00000,0x00000000db080000)
 ParOldGen       total 80896K, used 0K [0x000000008aa00000, 0x000000008f900000, 0x00000000d8e00000)
  object space 80896K, 0% used [0x000000008aa00000,0x000000008aa00000,0x000000008f900000)
 Metaspace       used 7699K, capacity 7804K, committed 7936K, reserved 1056768K
  class space    used 937K, capacity 984K, committed 1024K, reserved 1048576K
Event: 0.542 GC heap after
Heap after GC invocations=1 (full 0):
 PSYoungGen      total 35328K, used 4566K [0x00000000d8e00000, 0x00000000dd300000, 0x0000000100000000)
  eden space 30720K, 0% used [0x00000000d8e00000,0x00000000d8e00000,0x00000000dac00000)
  from space 4608K, 99% used [0x00000000dac00000,0x00000000db075b90,0x00000000db080000)
  to   space 4608K, 0% used [0x00000000dce80000,0x00000000dce80000,0x00000000dd300000)
 ParOldGen       total 80896K, used 8K [0x000000008aa00000, 0x000000008f900000, 0x00000000d8e00000)
  object space 80896K, 0% used [0x000000008aa00000,0x000000008aa02000,0x000000008f900000)
 Metaspace       used 7699K, capacity 7804K, committed 7936K, reserved 1056768K
  class space    used 937K, capacity 984K, committed 1024K, reserved 1048576K
}
Event: 0.819 GC heap before
{Heap before GC invocations=2 (full 0):
 PSYoungGen      total 35328K, used 35286K [0x00000000d8e00000, 0x00000000dd300000, 0x0000000100000000)
  eden space 30720K, 100% used [0x00000000d8e00000,0x00000000dac00000,0x00000000dac00000)
  from space 4608K, 99% used [0x00000000dac00000,0x00000000db075b90,0x00000000db080000)
  to   space 4608K, 0% used [0x00000000dce80000,0x00000000dce80000,0x00000000dd300000)
 ParOldGen       total 80896K, used 8K [0x000000008aa00000, 0x000000008f900000, 0x00000000d8e00000)
  object space 80896K, 0% used [0x000000008aa00000,0x000000008aa02000,0x000000008f900000)
 Metaspace       used 10857K, capacity 11042K, committed 11264K, reserved 1058816K
  class space    used 1329K, capacity 1443K, committed 1536K, reserved 1048576K
Event: 0.824 GC heap after
Heap after GC invocations=2 (full 0):
 PSYoungGen      total 66048K, used 4606K [0x00000000d8e00000, 0x00000000dd300000, 0x0000000100000000)
  eden space 61440K, 0% used [0x00000000d8e00000,0x00000000d8e00000,0x00000000dca00000)
  from space 4608K, 99% used [0x00000000dce80000,0x00000000dd2ffab0,0x00000000dd300000)
  to   space 4608K, 0% used [0x00000000dca00000,0x00000000dca00000,0x00000000dce80000)
 ParOldGen       total 80896K, used 1392K [0x000000008aa00000, 0x000000008f900000, 0x00000000d8e00000)
  object space 80896K, 1% used [0x000000008aa00000,0x000000008ab5c090,0x000000008f900000)
 Metaspace       used 10857K, capacity 11042K, committed 11264K, reserved 1058816K
  class space    used 1329K, capacity 1443K, committed 1536K, reserved 1048576K
}
Event: 1.514 GC heap before
{Heap before GC invocations=3 (full 0):
 PSYoungGen      total 66048K, used 66046K [0x00000000d8e00000, 0x00000000dd300000, 0x0000000100000000)
  eden space 61440K, 100% used [0x00000000d8e00000,0x00000000dca00000,0x00000000dca00000)
  from space 4608K, 99% used [0x00000000dce80000,0x00000000dd2ffab0,0x00000000dd300000)
  to   space 4608K, 0% used [0x00000000dca00000,0x00000000dca00000,0x00000000dce80000)
 ParOldGen       total 80896K, used 1392K [0x000000008aa00000, 0x000000008f900000, 0x00000000d8e00000)
  object space 80896K, 1% used [0x000000008aa00000,0x000000008ab5c090,0x000000008f900000)
 Metaspace       used 15975K, capacity 16210K, committed 16384K, reserved 1062912K
  class space    used 1902K, capacity 1976K, committed 2048K, reserved 1048576K
Event: 1.526 GC heap after
Heap after GC invocations=3 (full 0):
 PSYoungGen      total 66048K, used 4592K [0x00000000d8e00000, 0x00000000e0f00000, 0x0000000100000000)
  eden space 61440K, 0% used [0x00000000d8e00000,0x00000000d8e00000,0x00000000dca00000)
  from space 4608K, 99% used [0x00000000dca00000,0x00000000dce7c010,0x00000000dce80000)
  to   space 4608K, 0% used [0x00000000e0a80000,0x00000000e0a80000,0x00000000e0f00000)
 ParOldGen       total 80896K, used 4608K [0x000000008aa00000, 0x000000008f900000, 0x00000000d8e00000)
  object space 80896K, 5% used [0x000000008aa00000,0x000000008ae80040,0x000000008f900000)
 Metaspace       used 15975K, capacity 16210K, committed 16384K, reserved 1062912K
  class space    used 1902K, capacity 1976K, committed 2048K, reserved 1048576K
}
Event: 2.048 GC heap before
{Heap before GC invocations=4 (full 0):
 PSYoungGen      total 66048K, used 66032K [0x00000000d8e00000, 0x00000000e0f00000, 0x0000000100000000)
  eden space 61440K, 100% used [0x00000000d8e00000,0x00000000dca00000,0x00000000dca00000)
  from space 4608K, 99% used [0x00000000dca00000,0x00000000dce7c010,0x00000000dce80000)
  to   space 4608K, 0% used [0x00000000e0a80000,0x00000000e0a80000,0x00000000e0f00000)
 ParOldGen       total 80896K, used 4608K [0x000000008aa00000, 0x000000008f900000, 0x00000000d8e00000)
  object space 80896K, 5% used [0x000000008aa00000,0x000000008ae80040,0x000000008f900000)
 Metaspace       used 17614K, capacity 17966K, committed 18176K, reserved 1064960K
  class space    used 2061K, capacity 2196K, committed 2304K, reserved 1048576K
Event: 2.059 GC heap after
Heap after GC invocations=4 (full 0):
 PSYoungGen      total 127488K, used 4592K [0x00000000d8e00000, 0x00000000e0f00000, 0x0000000100000000)
  eden space 122880K, 0% used [0x00000000d8e00000,0x00000000d8e00000,0x00000000e0600000)
  from space 4608K, 99% used [0x00000000e0a80000,0x00000000e0efc010,0x00000000e0f00000)
  to   space 4608K, 0% used [0x00000000e0600000,0x00000000e0600000,0x00000000e0a80000)
 ParOldGen       total 80896K, used 9723K [0x000000008aa00000, 0x000000008f900000, 0x00000000d8e00000)
  object space 80896K, 12% used [0x000000008aa00000,0x000000008b37ef00,0x000000008f900000)
 Metaspace       used 17614K, capacity 17966K, committed 18176K, reserved 1064960K
  class space    used 2061K, capacity 2196K, committed 2304K, reserved 1048576K
}
Event: 2.915 GC heap before
{Heap before GC invocations=5 (full 0):
 PSYoungGen      total 127488K, used 126237K [0x00000000d8e00000, 0x00000000e0f00000, 0x0000000100000000)
  eden space 122880K, 98% used [0x00000000d8e00000,0x00000000e04cb548,0x00000000e0600000)
  from space 4608K, 99% used [0x00000000e0a80000,0x00000000e0efc010,0x00000000e0f00000)
  to   space 4608K, 0% used [0x00000000e0600000,0x00000000e0600000,0x00000000e0a80000)
 ParOldGen       total 80896K, used 9723K [0x000000008aa00000, 0x000000008f900000, 0x00000000d8e00000)
  object space 80896K, 12% used [0x000000008aa00000,0x000000008b37ef00,0x000000008f900000)
 Metaspace       used 20536K, capacity 21192K, committed 21248K, reserved 1069056K
  class space    used 2373K, capacity 2557K, committed 2560K, reserved 1048576K

Deoptimization events (10 events):
Event: 2.139 Thread 0x00007f61a800a800 Uncommon trap: reason=bimorphic action=maybe_recompile pc=0x00007f619966fea0 method=java.util.concurrent.ConcurrentHashMap.get(Ljava/lang/Object;)Ljava/lang/Object; @ 149
Event: 2.191 Thread 0x00007f61a800a800 Uncommon trap: reason=speculate_class_check action=maybe_recompile pc=0x00007f61999883a4 method=java.nio.charset.CharsetDecoder.decode(Ljava/nio/ByteBuffer;Ljava/nio/CharBuffer;Z)Ljava/nio/charset/CoderResult; @ 57
Event: 2.193 Thread 0x00007f61a800a800 Uncommon trap: reason=speculate_class_check action=maybe_recompile pc=0x00007f61999883a4 method=java.nio.charset.CharsetDecoder.decode(Ljava/nio/ByteBuffer;Ljava/nio/CharBuffer;Z)Ljava/nio/charset/CoderResult; @ 57
Event: 2.193 Thread 0x00007f61a800a800 Uncommon trap: reason=speculate_class_check action=maybe_recompile pc=0x00007f61999883a4 method=java.nio.charset.CharsetDecoder.decode(Ljava/nio/ByteBuffer;Ljava/nio/CharBuffer;Z)Ljava/nio/charset/CoderResult; @ 57
Event: 2.193 Thread 0x00007f61a800a800 Uncommon trap: reason=speculate_class_check action=maybe_recompile pc=0x00007f61999883a4 method=java.nio.charset.CharsetDecoder.decode(Ljava/nio/ByteBuffer;Ljava/nio/CharBuffer;Z)Ljava/nio/charset/CoderResult; @ 57
Event: 2.195 Thread 0x00007f61a800a800 Uncommon trap: reason=bimorphic action=maybe_recompile pc=0x00007f619966fea0 method=java.util.concurrent.ConcurrentHashMap.get(Ljava/lang/Object;)Ljava/lang/Object; @ 149
Event: 2.200 Thread 0x00007f61a800a800 Uncommon trap: reason=bimorphic action=maybe_recompile pc=0x00007f619966fea0 method=java.util.concurrent.ConcurrentHashMap.get(Ljava/lang/Object;)Ljava/lang/Object; @ 149
Event: 2.357 Thread 0x00007f61a800a800 Uncommon trap: reason=unstable_if action=reinterpret pc=0x00007f61999b23b0 method=java.util.HashMap.getNode(ILjava/lang/Object;)Ljava/util/HashMap$Node; @ 53
Event: 2.357 Thread 0x00007f61a800a800 Uncommon trap: reason=unstable_if action=reinterpret pc=0x00007f619934ca14 method=java.util.HashMap.getNode(ILjava/lang/Object;)Ljava/util/HashMap$Node; @ 53
Event: 2.559 Thread 0x00007f61a800a800 Uncommon trap: reason=unstable_if action=reinterpret pc=0x00007f61994ca5e4 method=java.lang.StringBuffer.toString()Ljava/lang/String; @ 4

Classes redefined (0 events):
No events

Internal exceptions (10 events):
Event: 1.319 Thread 0x00007f61a800a800 Exception <a 'java/lang/NullPointerException'> (0x00000000dba2e6c8) thrown at [/build/openjdk-8-wnL82d/openjdk-8-8u171-b11/src/hotspot/src/share/vm/interpreter/linkResolver.cpp, line 1185]
Event: 1.319 Thread 0x00007f61a800a800 Exception <a 'java/lang/NullPointerException'> (0x00000000dba2e8e0) thrown at [/build/openjdk-8-wnL82d/openjdk-8-8u171-b11/src/hotspot/src/share/vm/interpreter/linkResolver.cpp, line 1185]
Event: 1.319 Thread 0x00007f61a800a800 Exception <a 'java/lang/NullPointerException'> (0x00000000dba35b48) thrown at [/build/openjdk-8-wnL82d/openjdk-8-8u171-b11/src/hotspot/src/share/vm/interpreter/linkResolver.cpp, line 1185]
Event: 1.319 Thread 0x00007f61a800a800 Exception <a 'java/lang/NullPointerException'> (0x00000000dba35d60) thrown at [/build/openjdk-8-wnL82d/openjdk-8-8u171-b11/src/hotspot/src/share/vm/interpreter/linkResolver.cpp, line 1185]
Event: 1.319 Thread 0x00007f61a800a800 Exception <a 'java/lang/NullPointerException'> (0x00000000dba35f78) thrown at [/build/openjdk-8-wnL82d/openjdk-8-8u171-b11/src/hotspot/src/share/vm/interpreter/linkResolver.cpp, line 1185]
Event: 1.322 Thread 0x00007f61a800a800 Exception <a 'java/io/FileNotFoundException'> (0x00000000dba505c0) thrown at [/build/openjdk-8-wnL82d/openjdk-8-8u171-b11/src/hotspot/src/share/vm/prims/jni.cpp, line 709]
Event: 1.532 Thread 0x00007f61a800a800 Implicit null exception at 0x00007f61996e27dc to 0x00007f61996e314d
Event: 1.785 Thread 0x00007f61a800a800 Implicit null exception at 0x00007f619937e435 to 0x00007f619937e63d
Event: 1.785 Thread 0x00007f61a800a800 Implicit null exception at 0x00007f61992edf6f to 0x00007f61992edfd9
Event: 2.840 Thread 0x00007f61a800a800 Exception <a 'java/lang/ClassNotFoundException': com/sun/tools/javac/api/JavacTool> (0x00000000dfe67308) thrown at [/build/openjdk-8-wnL82d/openjdk-8-8u171-b11/src/hotspot/src/share/vm/classfile/systemDictionary.cpp, line 210]

Events (10 events):
Event: 2.914 loading class com/sun/tools/javac/code/Types$23 done
Event: 2.914 loading class com/sun/tools/javac/code/Types$24
Event: 2.914 loading class com/sun/tools/javac/code/Types$24 done
Event: 2.914 loading class com/sun/tools/javac/code/Types$25
Event: 2.914 loading class com/sun/tools/javac/code/Types$25 done
Event: 2.914 loading class com/sun/tools/javac/code/Types$22
Event: 2.914 loading class com/sun/tools/javac/code/Types$22 done
Event: 2.915 loading class com/sun/tools/javac/code/Types$26
Event: 2.915 loading class com/sun/tools/javac/code/Types$26 done
Event: 2.915 Executing VM operation: CollectForMetadataAllocation


Dynamic libraries:
00400000-00401000 r-xp 00000000 103:01 2892082                           /usr/lib/jvm/java-8-openjdk-amd64/jre/bin/java
00600000-00601000 r--p 00000000 103:01 2892082                           /usr/lib/jvm/java-8-openjdk-amd64/jre/bin/java
00601000-00602000 rw-p 00001000 103:01 2892082                           /usr/lib/jvm/java-8-openjdk-amd64/jre/bin/java
019b0000-019d1000 rw-p 00000000 00:00 0                                  [heap]
8aa00000-8f900000 rw-p 00000000 00:00 0 
8f900000-d8e00000 ---p 00000000 00:00 0 
d8e00000-e0f00000 rw-p 00000000 00:00 0 
e9800000-100000000 ---p 00000000 00:00 0 
100000000-100280000 rw-p 00000000 00:00 0 
100280000-140000000 ---p 00000000 00:00 0 
7f6154000000-7f6154021000 rw-p 00000000 00:00 0 
7f6154021000-7f6158000000 ---p 00000000 00:00 0 
7f615c000000-7f615cd2f000 rw-p 00000000 00:00 0 
7f615cd2f000-7f6160000000 ---p 00000000 00:00 0 
7f6160000000-7f6160021000 rw-p 00000000 00:00 0 
7f6160021000-7f6164000000 ---p 00000000 00:00 0 
7f6164000000-7f6164aee000 rw-p 00000000 00:00 0 
7f6164aee000-7f6168000000 ---p 00000000 00:00 0 
7f6168000000-7f61688f1000 rw-p 00000000 00:00 0 
7f61688f1000-7f616c000000 ---p 00000000 00:00 0 
7f616c000000-7f616c021000 rw-p 00000000 00:00 0 
7f616c021000-7f6170000000 ---p 00000000 00:00 0 
7f6170000000-7f6170021000 rw-p 00000000 00:00 0 
7f6170021000-7f6174000000 ---p 00000000 00:00 0 
7f6174000000-7f6174021000 rw-p 00000000 00:00 0 
7f6174021000-7f6178000000 ---p 00000000 00:00 0 
7f6178000000-7f6178021000 rw-p 00000000 00:00 0 
7f6178021000-7f617c000000 ---p 00000000 00:00 0 
7f617c000000-7f617c021000 rw-p 00000000 00:00 0 
7f617c021000-7f6180000000 ---p 00000000 00:00 0 
7f6183e00000-7f6183e40000 rw-p 00000000 00:00 0 
7f6183e40000-7f6184000000 ---p 00000000 00:00 0 
7f6184000000-7f6184021000 rw-p 00000000 00:00 0 
7f6184021000-7f6188000000 ---p 00000000 00:00 0 
7f61881cf000-7f61883cf000 rw-p 00000000 00:00 0 
7f6188550000-7f618c000000 rw-p 00000000 00:00 0 
7f618c000000-7f618c021000 rw-p 00000000 00:00 0 
7f618c021000-7f6190000000 ---p 00000000 00:00 0 
7f619002a000-7f61900a4000 r--s 010ff000 103:01 2898678                   /usr/lib/jvm/java-8-openjdk-amd64/lib/tools.jar
7f61900a4000-7f61900a7000 r--s 0001b000 103:01 21627500                  /home/nicholas/.m2/repository/junit/junit/3.8.2/junit-3.8.2.jar
7f61900a7000-7f61900b5000 r--s 0008f000 103:01 21628241                  /home/nicholas/.m2/repository/com/google/collections/google-collections/1.0/google-collections-1.0.jar
7f61900b5000-7f61900b6000 r--s 0000a000 103:01 21628239                  /home/nicholas/.m2/repository/commons-logging/commons-logging-api/1.1/commons-logging-api-1.1.jar
7f61900b6000-7f61900bd000 r--s 00051000 103:01 21628236                  /home/nicholas/.m2/repository/log4j/log4j/1.2.12/log4j-1.2.12.jar
7f61900bd000-7f61900c1000 r--s 0001d000 103:01 21628235                  /home/nicholas/.m2/repository/org/apache/xbean/xbean-reflect/3.4/xbean-reflect-3.4.jar
7f61900c1000-7f61900c2000 r--s 00004000 103:01 21892866                  /home/nicholas/.m2/repository/org/codehaus/plexus/plexus-compiler-javac/2.4/plexus-compiler-javac-2.4.jar
7f61900c2000-7f61900c4000 r--s 00000000 103:01 21892864                  /home/nicholas/.m2/repository/org/codehaus/plexus/plexus-compiler-manager/2.4/plexus-compiler-manager-2.4.jar
7f61900c4000-7f61900c6000 r--s 00005000 103:01 21892862                  /home/nicholas/.m2/repository/org/codehaus/plexus/plexus-compiler-api/2.4/plexus-compiler-api-2.4.jar
7f61900c6000-7f61900c8000 r--s 00000000 103:01 21628224                  /home/nicholas/.m2/repository/org/codehaus/plexus/plexus-component-annotations/1.5.5/plexus-component-annotations-1.5.5.jar
7f61900c8000-7f61900ca000 r--s 00002000 103:01 21628221                  /home/nicholas/.m2/repository/org/apache/maven/shared/maven-shared-incremental/1.1/maven-shared-incremental-1.1.jar
7f61900ca000-7f61900cd000 r--s 00023000 103:01 21628217                  /home/nicholas/.m2/repository/org/apache/maven/shared/maven-shared-utils/0.1/maven-shared-utils-0.1.jar
7f61900cd000-7f61900d1000 r--s 00030000 103:01 21628188                  /home/nicholas/.m2/repository/org/codehaus/plexus/plexus-utils/1.5.1/plexus-utils-1.5.1.jar
7f61900d1000-7f61902d1000 rw-p 00000000 00:00 0 
7f61902d1000-7f61902e2000 r-xp 00000000 103:01 2894973                   /usr/lib/jvm/java-8-openjdk-amd64/jre/lib/amd64/libnio.so
7f61902e2000-7f61904e2000 ---p 00011000 103:01 2894973                   /usr/lib/jvm/java-8-openjdk-amd64/jre/lib/amd64/libnio.so
7f61904e2000-7f61904e3000 r--p 00011000 103:01 2894973                   /usr/lib/jvm/java-8-openjdk-amd64/jre/lib/amd64/libnio.so
7f61904e3000-7f61904e4000 rw-p 00012000 103:01 2894973                   /usr/lib/jvm/java-8-openjdk-amd64/jre/lib/amd64/libnio.so
7f61904e4000-7f61934e5000 rw-p 00000000 00:00 0 
7f61934e5000-7f61934fb000 r-xp 00000000 103:01 2894915                   /usr/lib/jvm/java-8-openjdk-amd64/jre/lib/amd64/libnet.so
7f61934fb000-7f61936fb000 ---p 00016000 103:01 2894915                   /usr/lib/jvm/java-8-openjdk-amd64/jre/lib/amd64/libnet.so
7f61936fb000-7f61936fc000 r--p 00016000 103:01 2894915                   /usr/lib/jvm/java-8-openjdk-amd64/jre/lib/amd64/libnet.so
7f61936fc000-7f61936fd000 rw-p 00017000 103:01 2894915                   /usr/lib/jvm/java-8-openjdk-amd64/jre/lib/amd64/libnet.so
7f61936fd000-7f61938fd000 rw-p 00000000 00:00 0 
7f61938fd000-7f6193afd000 rw-p 00000000 00:00 0 
7f6193afd000-7f6193cfd000 rw-p 00000000 00:00 0 
7f6193cfd000-7f6193cfe000 ---p 00000000 00:00 0 
7f6193cfe000-7f6193dfe000 rw-p 00000000 00:00 0 
7f6193dfe000-7f6193e01000 ---p 00000000 00:00 0 
7f6193e01000-7f6193eff000 rw-p 00000000 00:00 0 
7f6193eff000-7f6193f02000 ---p 00000000 00:00 0 
7f6193f02000-7f6194000000 rw-p 00000000 00:00 0 
7f6194000000-7f6194021000 rw-p 00000000 00:00 0 
7f6194021000-7f6198000000 ---p 00000000 00:00 0 
7f6198000000-7f6198002000 r--s 00006000 103:01 21628219                  /home/nicholas/.m2/repository/com/google/code/findbugs/jsr305/2.0.1/jsr305-2.0.1.jar
7f6198002000-7f6198004000 r--s 0000a000 103:01 21892759                  /home/nicholas/.m2/repository/org/apache/maven/plugins/maven-compiler-plugin/3.2/maven-compiler-plugin-3.2.jar
7f6198004000-7f6198006000 r--s 0000d000 103:01 21627813                  /home/nicholas/.m2/repository/org/codehaus/plexus/plexus-interpolation/1.13/plexus-interpolation-1.13.jar
7f6198006000-7f6198007000 r--s 00001000 103:01 21627814                  /home/nicholas/.m2/repository/org/sonatype/plexus/plexus-build-api/0.0.4/plexus-build-api-0.0.4.jar
7f6198007000-7f6198009000 r--s 00009000 103:01 21627812                  /home/nicholas/.m2/repository/org/apache/maven/shared/maven-filtering/1.1/maven-filtering-1.1.jar
7f6198009000-7f619800d000 r--s 00033000 103:01 21627808                  /home/nicholas/.m2/repository/org/codehaus/plexus/plexus-utils/2.0.5/plexus-utils-2.0.5.jar
7f619800d000-7f619800f000 r--s 00002000 103:01 21627797                  /home/nicholas/.m2/repository/org/codehaus/plexus/plexus-interactivity-api/1.0-alpha-4/plexus-interactivity-api-1.0-alpha-4.jar
7f619800f000-7f6198011000 r--s 00006000 103:01 21627793                  /home/nicholas/.m2/repository/commons-cli/commons-cli/1.0/commons-cli-1.0.jar
7f6198011000-7f6198012000 r--s 00001000 103:01 21627787                  /home/nicholas/.m2/repository/org/apache/maven/doxia/doxia-sink-api/1.0-alpha-7/doxia-sink-api-1.0-alpha-7.jar
7f6198012000-7f6198013000 r--s 00002000 103:01 21627786                  /home/nicholas/.m2/repository/org/apache/maven/reporting/maven-reporting-api/2.0.6/maven-reporting-api-2.0.6.jar
7f6198013000-7f6198015000 r--s 00006000 103:01 21627608                  /home/nicholas/.m2/repository/org/apache/maven/plugins/maven-resources-plugin/2.6/maven-resources-plugin-2.6.jar
7f6198015000-7f6198019000 r--s 00034000 103:01 21498594                  /home/nicholas/.m2/repository/org/codehaus/plexus/plexus-utils/3.0/plexus-utils-3.0.jar
7f6198019000-7f619801b000 r--s 00005000 103:01 21498573                  /home/nicholas/.m2/repository/org/apache/maven/plugins/maven-clean-plugin/2.5/maven-clean-plugin-2.5.jar
7f619801b000-7f6198020000 r--s 00039000 103:01 21498531                  /home/nicholas/.m2/repository/org/codehaus/plexus/plexus-utils/1.5.5/plexus-utils-1.5.5.jar
7f6198020000-7f6198022000 r--s 00008000 103:01 21498525                  /home/nicholas/.m2/repository/org/apache/maven/shared/maven-shared-io/1.1/maven-shared-io-1.1.jar
7f6198022000-7f6198024000 r--s 00008000 103:01 21498524                  /home/nicholas/.m2/repository/org/apache/maven/shared/file-management/1.2.1/file-management-1.2.1.jar
7f6198024000-7f6198027000 r--s 0001b000 103:01 21498518                  /home/nicholas/.m2/repository/junit/junit/3.8.1/junit-3.8.1.jar
7f6198027000-7f6198029000 r--s 00007000 103:01 21498516                  /home/nicholas/.m2/repository/org/codehaus/plexus/plexus-interpolation/1.1/plexus-interpolation-1.1.jar
7f6198029000-7f619802c000 r--s 00020000 103:01 21498494                  /home/nicholas/.m2/repository/org/codehaus/plexus/plexus-archiver/1.0-alpha-7/plexus-archiver-1.0-alpha-7.jar
7f619802c000-7f619802d000 r--s 00002000 103:01 21498498                  /home/nicholas/.m2/repository/org/apache/maven/maven-archiver/2.2/maven-archiver-2.2.jar
7f619802d000-7f619802e000 r--s 00003000 103:01 21498490                  /home/nicholas/.m2/repository/org/openmrs/maven/plugins/maven-openmrs-plugin/1.0.1/maven-openmrs-plugin-1.0.1.jar
7f619802e000-7f6198033000 r--s 0009d000 103:01 2898696                   /usr/lib/jvm/java-8-openjdk-amd64/jre/lib/jsse.jar
7f6198033000-7f6198035000 r--s 00000000 103:01 3412675                   /usr/share/java/plexus-component-annotations-1.5.jar
7f6198035000-7f6198036000 r--s 00002000 103:01 3412479                   /usr/share/java/slf4j-simple.jar
7f6198036000-7f6198037000 r--s 00008000 103:01 3412558                   /usr/share/java/eclipse-aether-connector-basic.jar
7f6198037000-7f6198039000 r--s 00007000 103:01 3412482                   /usr/share/java/slf4j-api.jar
7f6198039000-7f619803b000 r--s 0000e000 103:01 3412461                   /usr/share/java/plexus-interpolation.jar
7f619803b000-7f619803d000 r--s 00001000 103:01 3412574                   /usr/share/java/aopalliance-1.0.jar
7f619803d000-7f6198045000 r--s 00054000 103:01 3412683                   /usr/share/java/sisu-inject.jar
7f6198045000-7f6198048000 r--s 00007000 103:01 3412713                   /usr/share/java/maven3-settings-builder-3.3.9.jar
7f6198048000-7f6198049000 r--s 0000a000 103:01 3412704                   /usr/share/java/maven3-settings-3.3.9.jar
7f6198049000-7f6198057000 r--s 00095000 103:01 3412579                   /usr/share/java/guice.jar
7f6198057000-7f6198059000 r--s 00005000 103:01 3412561                   /usr/share/java/eclipse-aether-transport-wagon.jar
7f6198059000-7f619805d000 r--s 00020000 103:01 3412563                   /usr/share/java/eclipse-aether-util.jar
7f619805d000-7f619805f000 r--s 0000a000 103:01 3412398                   /usr/share/java/commons-cli-1.3.1.jar
7f619805f000-7f6198064000 r--s 00025000 103:01 3412709                   /usr/share/java/maven3-model-builder-3.3.9.jar
7f6198064000-7f6198065000 r--s 00001000 103:01 3412694                   /usr/share/java/wagon-http-shared-2.x.jar
7f6198065000-7f6198072000 r--s 0008d000 103:01 3412707                   /usr/share/java/maven3-core-3.3.9.jar
7f6198072000-7f6198075000 r--s 0000a000 103:01 3412715                   /usr/share/java/maven3-artifact-3.3.9.jar
7f6198075000-7f61980a1000 r--s 00208000 103:01 3412502                   /usr/share/java/guava.jar
7f61980a1000-7f61980a6000 r--s 00040000 103:01 3412412                   /usr/share/java/commons-lang-2.6.jar
7f61980a6000-7f61980ad000 r--s 00041000 103:01 3412706                   /usr/share/java/maven3-compat-3.3.9.jar
7f61980ad000-7f61980af000 r--s 0000a000 103:01 3412705                   /usr/share/java/maven3-plugin-api-3.3.9.jar
7f61980af000-7f61980e0000 r--s 00207000 103:01 3412691                   /usr/share/java/wagon-http-shaded-2.x.jar
7f61980e0000-7f61980e5000 r--s 0001d000 103:01 3412562                   /usr/share/java/eclipse-aether-api.jar
7f61980e5000-7f61980e6000 r--s 00000000 103:01 3412384                   /usr/share/java/geronimo-interceptor-3.0-spec-1.0.1.jar
7f61980e6000-7f61980e8000 r--s 00012000 103:01 3407960                   /usr/share/java/el-api-3.0.jar
7f61980e8000-7f61980e9000 r--s 00000000 103:01 3412379                   /usr/share/java/atinject-jsr330-api-1.0.jar
7f61980e9000-7f61980ec000 r--s 00008000 103:01 3412390                   /usr/share/java/cdi-api-1.0.jar
7f61980ec000-7f61980ef000 ---p 00000000 00:00 0 
7f61980ef000-7f61981ed000 rw-p 00000000 00:00 0 
7f61981ed000-7f61981f0000 ---p 00000000 00:00 0 
7f61981f0000-7f61982ee000 rw-p 00000000 00:00 0 
7f61982ee000-7f61982f1000 ---p 00000000 00:00 0 
7f61982f1000-7f61983ef000 rw-p 00000000 00:00 0 
7f61983ef000-7f61987f8000 r--p 00000000 103:01 2885484                   /usr/lib/locale/locale-archive
7f61987f8000-7f61987fb000 ---p 00000000 00:00 0 
7f61987fb000-7f61988f9000 rw-p 00000000 00:00 0 
7f61988f9000-7f61988fc000 ---p 00000000 00:00 0 
7f61988fc000-7f61989fa000 rw-p 00000000 00:00 0 
7f61989fa000-7f61989fb000 ---p 00000000 00:00 0 
7f61989fb000-7f6199000000 rw-p 00000000 00:00 0 
7f6199000000-7f6199c00000 rwxp 00000000 00:00 0 
7f6199c00000-7f61a8000000 ---p 00000000 00:00 0 
7f61a8000000-7f61a8aa8000 rw-p 00000000 00:00 0 
7f61a8aa8000-7f61ac000000 ---p 00000000 00:00 0 
7f61ac000000-7f61ac007000 r--s 0005d000 103:01 3412414                   /usr/share/java/commons-lang3.jar
7f61ac007000-7f61ac00b000 r--s 00027000 103:01 3412410                   /usr/share/java/commons-io-2.4.jar
7f61ac00b000-7f61ac00f000 r--s 00027000 103:01 3412555                   /usr/share/java/eclipse-aether-impl.jar
7f61ac00f000-7f61ac010000 r--s 00006000 103:01 3412708                   /usr/share/java/maven3-repository-metadata-3.3.9.jar
7f61ac010000-7f61ac017000 r--s 0002c000 103:01 3412685                   /usr/share/java/sisu-plexus.jar
7f61ac017000-7f61ac019000 r--s 0000d000 103:01 3412712                   /usr/share/java/maven3-aether-provider-3.3.9.jar
7f61ac019000-7f61ac01b000 r--s 00001000 103:01 3412714                   /usr/share/java/maven3-builder-support-3.3.9.jar
7f61ac01b000-7f61ac01d000 r--s 00006000 103:01 3412560                   /usr/share/java/eclipse-aether-spi.jar
7f61ac01d000-7f61ac01f000 r--s 00013000 103:01 3412710                   /usr/share/java/maven3-embedder-3.3.9.jar
7f61ac01f000-7f61ac021000 r--s 00027000 103:01 3412711                   /usr/share/java/maven3-model-3.3.9.jar
7f61ac021000-7f61ac022000 r--s 00001000 103:01 3412687                   /usr/share/java/wagon-file-2.x.jar
7f61ac022000-7f61ac028000 r--s 00048000 103:01 3412498                   /usr/share/java/jsoup.jar
7f61ac028000-7f61ac02a000 r--s 00002000 103:01 3412625                   /usr/share/java/plexus-cipher.jar
7f61ac02a000-7f61ac045000 r--s 001d6000 103:01 2892733                   /usr/lib/jvm/java-8-openjdk-amd64/jre/lib/ext/nashorn.jar
7f61ac045000-7f61ac060000 r--s 00394000 103:01 2892730                   /usr/lib/jvm/java-8-openjdk-amd64/jre/lib/ext/cldrdata.jar
7f61ac060000-7f61acb3c000 rw-p 00000000 00:00 0 
7f61acb3c000-7f61acd0b000 r--s 03c2f000 103:01 2897062                   /usr/lib/jvm/java-8-openjdk-amd64/jre/lib/rt.jar
7f61acd0b000-7f61ad92c000 rw-p 00000000 00:00 0 
7f61ad92c000-7f61ad92d000 ---p 00000000 00:00 0 
7f61ad92d000-7f61ada2d000 rw-p 00000000 00:00 0 
7f61ada2d000-7f61ada2e000 ---p 00000000 00:00 0 
7f61ada2e000-7f61adb2e000 rw-p 00000000 00:00 0 
7f61adb2e000-7f61adb2f000 ---p 00000000 00:00 0 
7f61adb2f000-7f61adc2f000 rw-p 00000000 00:00 0 
7f61adc2f000-7f61adc30000 ---p 00000000 00:00 0 
7f61adc30000-7f61add58000 rw-p 00000000 00:00 0 
7f61add58000-7f61adfa2000 ---p 00000000 00:00 0 
7f61adfa2000-7f61adfca000 rw-p 00000000 00:00 0 
7f61adfca000-7f61ae214000 ---p 00000000 00:00 0 
7f61ae214000-7f61ae255000 rw-p 00000000 00:00 0 
7f61ae255000-7f61ae34d000 ---p 00000000 00:00 0 
7f61ae34d000-7f61ae37e000 rw-p 00000000 00:00 0 
7f61ae37e000-7f61ae70e000 ---p 00000000 00:00 0 
7f61ae70e000-7f61ae716000 r-xp 00000000 103:01 2892761                   /usr/lib/jvm/java-8-openjdk-amd64/jre/lib/amd64/libzip.so
7f61ae716000-7f61ae915000 ---p 00008000 103:01 2892761                   /usr/lib/jvm/java-8-openjdk-amd64/jre/lib/amd64/libzip.so
7f61ae915000-7f61ae916000 r--p 00007000 103:01 2892761                   /usr/lib/jvm/java-8-openjdk-amd64/jre/lib/amd64/libzip.so
7f61ae916000-7f61ae917000 rw-p 00008000 103:01 2892761                   /usr/lib/jvm/java-8-openjdk-amd64/jre/lib/amd64/libzip.so
7f61ae917000-7f61ae922000 r-xp 00000000 103:01 2626300                   /lib/x86_64-linux-gnu/libnss_files-2.23.so
7f61ae922000-7f61aeb21000 ---p 0000b000 103:01 2626300                   /lib/x86_64-linux-gnu/libnss_files-2.23.so
7f61aeb21000-7f61aeb22000 r--p 0000a000 103:01 2626300                   /lib/x86_64-linux-gnu/libnss_files-2.23.so
7f61aeb22000-7f61aeb23000 rw-p 0000b000 103:01 2626300                   /lib/x86_64-linux-gnu/libnss_files-2.23.so
7f61aeb23000-7f61aeb29000 rw-p 00000000 00:00 0 
7f61aeb29000-7f61aeb34000 r-xp 00000000 103:01 2626304                   /lib/x86_64-linux-gnu/libnss_nis-2.23.so
7f61aeb34000-7f61aed33000 ---p 0000b000 103:01 2626304                   /lib/x86_64-linux-gnu/libnss_nis-2.23.so
7f61aed33000-7f61aed34000 r--p 0000a000 103:01 2626304                   /lib/x86_64-linux-gnu/libnss_nis-2.23.so
7f61aed34000-7f61aed35000 rw-p 0000b000 103:01 2626304                   /lib/x86_64-linux-gnu/libnss_nis-2.23.so
7f61aed35000-7f61aed4b000 r-xp 00000000 103:01 2626284                   /lib/x86_64-linux-gnu/libnsl-2.23.so
7f61aed4b000-7f61aef4a000 ---p 00016000 103:01 2626284                   /lib/x86_64-linux-gnu/libnsl-2.23.so
7f61aef4a000-7f61aef4b000 r--p 00015000 103:01 2626284                   /lib/x86_64-linux-gnu/libnsl-2.23.so
7f61aef4b000-7f61aef4c000 rw-p 00016000 103:01 2626284                   /lib/x86_64-linux-gnu/libnsl-2.23.so
7f61aef4c000-7f61aef4e000 rw-p 00000000 00:00 0 
7f61aef4e000-7f61aef56000 r-xp 00000000 103:01 2626295                   /lib/x86_64-linux-gnu/libnss_compat-2.23.so
7f61aef56000-7f61af155000 ---p 00008000 103:01 2626295                   /lib/x86_64-linux-gnu/libnss_compat-2.23.so
7f61af155000-7f61af156000 r--p 00007000 103:01 2626295                   /lib/x86_64-linux-gnu/libnss_compat-2.23.so
7f61af156000-7f61af157000 rw-p 00008000 103:01 2626295                   /lib/x86_64-linux-gnu/libnss_compat-2.23.so
7f61af157000-7f61af184000 r-xp 00000000 103:01 2892752                   /usr/lib/jvm/java-8-openjdk-amd64/jre/lib/amd64/libjava.so
7f61af184000-7f61af383000 ---p 0002d000 103:01 2892752                   /usr/lib/jvm/java-8-openjdk-amd64/jre/lib/amd64/libjava.so
7f61af383000-7f61af384000 r--p 0002c000 103:01 2892752                   /usr/lib/jvm/java-8-openjdk-amd64/jre/lib/amd64/libjava.so
7f61af384000-7f61af386000 rw-p 0002d000 103:01 2892752                   /usr/lib/jvm/java-8-openjdk-amd64/jre/lib/amd64/libjava.so
7f61af386000-7f61af395000 r-xp 00000000 103:01 2892738                   /usr/lib/jvm/java-8-openjdk-amd64/jre/lib/amd64/libverify.so
7f61af395000-7f61af594000 ---p 0000f000 103:01 2892738                   /usr/lib/jvm/java-8-openjdk-amd64/jre/lib/amd64/libverify.so
7f61af594000-7f61af596000 r--p 0000e000 103:01 2892738                   /usr/lib/jvm/java-8-openjdk-amd64/jre/lib/amd64/libverify.so
7f61af596000-7f61af597000 rw-p 00010000 103:01 2892738                   /usr/lib/jvm/java-8-openjdk-amd64/jre/lib/amd64/libverify.so
7f61af597000-7f61af59e000 r-xp 00000000 103:01 2626305                   /lib/x86_64-linux-gnu/librt-2.23.so
7f61af59e000-7f61af79d000 ---p 00007000 103:01 2626305                   /lib/x86_64-linux-gnu/librt-2.23.so
7f61af79d000-7f61af79e000 r--p 00006000 103:01 2626305                   /lib/x86_64-linux-gnu/librt-2.23.so
7f61af79e000-7f61af79f000 rw-p 00007000 103:01 2626305                   /lib/x86_64-linux-gnu/librt-2.23.so
7f61af79f000-7f61af7b6000 r-xp 00000000 103:01 2625930                   /lib/x86_64-linux-gnu/libgcc_s.so.1
7f61af7b6000-7f61af9b5000 ---p 00017000 103:01 2625930                   /lib/x86_64-linux-gnu/libgcc_s.so.1
7f61af9b5000-7f61af9b6000 r--p 00016000 103:01 2625930                   /lib/x86_64-linux-gnu/libgcc_s.so.1
7f61af9b6000-7f61af9b7000 rw-p 00017000 103:01 2625930                   /lib/x86_64-linux-gnu/libgcc_s.so.1
7f61af9b7000-7f61afabf000 r-xp 00000000 103:01 2626283                   /lib/x86_64-linux-gnu/libm-2.23.so
7f61afabf000-7f61afcbe000 ---p 00108000 103:01 2626283                   /lib/x86_64-linux-gnu/libm-2.23.so
7f61afcbe000-7f61afcbf000 r--p 00107000 103:01 2626283                   /lib/x86_64-linux-gnu/libm-2.23.so
7f61afcbf000-7f61afcc0000 rw-p 00108000 103:01 2626283                   /lib/x86_64-linux-gnu/libm-2.23.so
7f61afcc0000-7f61afe3c000 r-xp 00000000 103:01 3015023                   /usr/lib/x86_64-linux-gnu/libstdc++.so.6.0.25
7f61afe3c000-7f61b003c000 ---p 0017c000 103:01 3015023                   /usr/lib/x86_64-linux-gnu/libstdc++.so.6.0.25
7f61b003c000-7f61b0046000 r--p 0017c000 103:01 3015023                   /usr/lib/x86_64-linux-gnu/libstdc++.so.6.0.25
7f61b0046000-7f61b0048000 rw-p 00186000 103:01 3015023                   /usr/lib/x86_64-linux-gnu/libstdc++.so.6.0.25
7f61b0048000-7f61b004c000 rw-p 00000000 00:00 0 
7f61b004c000-7f61b0ca5000 r-xp 00000000 103:01 2894911                   /usr/lib/jvm/java-8-openjdk-amd64/jre/lib/amd64/server/libjvm.so
7f61b0ca5000-7f61b0ea5000 ---p 00c59000 103:01 2894911                   /usr/lib/jvm/java-8-openjdk-amd64/jre/lib/amd64/server/libjvm.so
7f61b0ea5000-7f61b0f38000 r--p 00c59000 103:01 2894911                   /usr/lib/jvm/java-8-openjdk-amd64/jre/lib/amd64/server/libjvm.so
7f61b0f38000-7f61b0f61000 rw-p 00cec000 103:01 2894911                   /usr/lib/jvm/java-8-openjdk-amd64/jre/lib/amd64/server/libjvm.so
7f61b0f61000-7f61b0f91000 rw-p 00000000 00:00 0 
7f61b0f91000-7f61b0fa9000 r-xp 00000000 103:01 2626286                   /lib/x86_64-linux-gnu/libpthread-2.23.so
7f61b0fa9000-7f61b11a8000 ---p 00018000 103:01 2626286                   /lib/x86_64-linux-gnu/libpthread-2.23.so
7f61b11a8000-7f61b11a9000 r--p 00017000 103:01 2626286                   /lib/x86_64-linux-gnu/libpthread-2.23.so
7f61b11a9000-7f61b11aa000 rw-p 00018000 103:01 2626286                   /lib/x86_64-linux-gnu/libpthread-2.23.so
7f61b11aa000-7f61b11ae000 rw-p 00000000 00:00 0 
7f61b11ae000-7f61b11b1000 r-xp 00000000 103:01 2626289                   /lib/x86_64-linux-gnu/libdl-2.23.so
7f61b11b1000-7f61b13b0000 ---p 00003000 103:01 2626289                   /lib/x86_64-linux-gnu/libdl-2.23.so
7f61b13b0000-7f61b13b1000 r--p 00002000 103:01 2626289                   /lib/x86_64-linux-gnu/libdl-2.23.so
7f61b13b1000-7f61b13b2000 rw-p 00003000 103:01 2626289                   /lib/x86_64-linux-gnu/libdl-2.23.so
7f61b13b2000-7f61b13cb000 r-xp 00000000 103:01 2626168                   /lib/x86_64-linux-gnu/libz.so.1.2.8
7f61b13cb000-7f61b15ca000 ---p 00019000 103:01 2626168                   /lib/x86_64-linux-gnu/libz.so.1.2.8
7f61b15ca000-7f61b15cb000 r--p 00018000 103:01 2626168                   /lib/x86_64-linux-gnu/libz.so.1.2.8
7f61b15cb000-7f61b15cc000 rw-p 00019000 103:01 2626168                   /lib/x86_64-linux-gnu/libz.so.1.2.8
7f61b15cc000-7f61b178c000 r-xp 00000000 103:01 2626287                   /lib/x86_64-linux-gnu/libc-2.23.so
7f61b178c000-7f61b198c000 ---p 001c0000 103:01 2626287                   /lib/x86_64-linux-gnu/libc-2.23.so
7f61b198c000-7f61b1990000 r--p 001c0000 103:01 2626287                   /lib/x86_64-linux-gnu/libc-2.23.so
7f61b1990000-7f61b1992000 rw-p 001c4000 103:01 2626287                   /lib/x86_64-linux-gnu/libc-2.23.so
7f61b1992000-7f61b1996000 rw-p 00000000 00:00 0 
7f61b1996000-7f61b19a3000 r-xp 00000000 103:01 2892762                   /usr/lib/jvm/java-8-openjdk-amd64/jre/lib/amd64/jli/libjli.so
7f61b19a3000-7f61b1ba3000 ---p 0000d000 103:01 2892762                   /usr/lib/jvm/java-8-openjdk-amd64/jre/lib/amd64/jli/libjli.so
7f61b1ba3000-7f61b1ba4000 r--p 0000d000 103:01 2892762                   /usr/lib/jvm/java-8-openjdk-amd64/jre/lib/amd64/jli/libjli.so
7f61b1ba4000-7f61b1ba5000 rw-p 0000e000 103:01 2892762                   /usr/lib/jvm/java-8-openjdk-amd64/jre/lib/amd64/jli/libjli.so
7f61b1ba5000-7f61b1bcb000 r-xp 00000000 103:01 2626285                   /lib/x86_64-linux-gnu/ld-2.23.so
7f61b1bcb000-7f61b1bcc000 r--s 00006000 103:01 3412627                   /usr/share/java/plexus-sec-dispatcher.jar
7f61b1bcc000-7f61b1bce000 r--s 0000a000 103:01 3412688                   /usr/share/java/wagon-provider-api-2.x.jar
7f61b1bce000-7f61b1bd2000 r--s 00038000 103:01 3412671                   /usr/share/java/plexus-utils2.jar
7f61b1bd2000-7f61b1bd4000 r--s 0000a000 103:01 3412669                   /usr/share/java/plexus-classworlds2-2.5.2.jar
7f61b1bd4000-7f61b1bd7000 r--s 00038000 103:01 2892729                   /usr/lib/jvm/java-8-openjdk-amd64/jre/lib/ext/sunpkcs11.jar
7f61b1bd7000-7f61b1bdd000 r--s 0003b000 103:01 2892731                   /usr/lib/jvm/java-8-openjdk-amd64/jre/lib/ext/sunjce_provider.jar
7f61b1bdd000-7f61b1be0000 r--s 0000f000 103:01 2892732                   /usr/lib/jvm/java-8-openjdk-amd64/jre/lib/ext/icedtea-sound.jar
7f61b1be0000-7f61b1ca9000 rw-p 00000000 00:00 0 
7f61b1ca9000-7f61b1cac000 ---p 00000000 00:00 0 
7f61b1cac000-7f61b1dae000 rw-p 00000000 00:00 0 
7f61b1dae000-7f61b1daf000 r--s 00004000 103:01 3412378                   /usr/share/java/atinject-jsr330-tck-1.0.jar
7f61b1daf000-7f61b1db0000 r--s 0000a000 103:01 2892734                   /usr/lib/jvm/java-8-openjdk-amd64/jre/lib/ext/jaccess.jar
7f61b1db0000-7f61b1db2000 r--s 00001000 103:01 2892728                   /usr/lib/jvm/java-8-openjdk-amd64/jre/lib/ext/dnsns.jar
7f61b1db2000-7f61b1db3000 r--s 00010000 103:01 2892727                   /usr/lib/jvm/java-8-openjdk-amd64/jre/lib/ext/zipfs.jar
7f61b1db3000-7f61b1db5000 r--s 00008000 103:01 2892726                   /usr/lib/jvm/java-8-openjdk-amd64/jre/lib/ext/sunec.jar
7f61b1db5000-7f61b1dbf000 r--s 00116000 103:01 2892735                   /usr/lib/jvm/java-8-openjdk-amd64/jre/lib/ext/localedata.jar
7f61b1dbf000-7f61b1dc7000 rw-s 00000000 103:01 19538507                  /tmp/hsperfdata_nicholas/24801
7f61b1dc7000-7f61b1dc8000 rw-p 00000000 00:00 0 
7f61b1dc8000-7f61b1dc9000 ---p 00000000 00:00 0 
7f61b1dc9000-7f61b1dca000 rw-p 00000000 00:00 0 
7f61b1dca000-7f61b1dcb000 r--p 00025000 103:01 2626285                   /lib/x86_64-linux-gnu/ld-2.23.so
7f61b1dcb000-7f61b1dcc000 rw-p 00026000 103:01 2626285                   /lib/x86_64-linux-gnu/ld-2.23.so
7f61b1dcc000-7f61b1dcd000 rw-p 00000000 00:00 0 
7fff73309000-7fff7332b000 rw-p 00000000 00:00 0                          [stack]
7fff733f6000-7fff733f9000 r--p 00000000 00:00 0                          [vvar]
7fff733f9000-7fff733fb000 r-xp 00000000 00:00 0                          [vdso]
ffffffffff600000-ffffffffff601000 r-xp 00000000 00:00 0                  [vsyscall]

VM Arguments:
jvm_args: -Dclassworlds.conf=/usr/share/maven/bin/m2.conf -Dmaven.home=/usr/share/maven -Dmaven.multiModuleProjectDirectory=/home/nicholas/workspace/intellisoft/AIHD/openmrs-module-aihd-reports 
java_command: org.codehaus.plexus.classworlds.launcher.Launcher clean package
java_class_path (initial): /usr/share/maven/boot/plexus-classworlds-2.x.jar
Launcher Type: SUN_STANDARD

Environment Variables:
JAVA_HOME=/usr/lib/jvm/java-8-openjdk-amd64
PATH=/usr/lib/git-core:/home/nicholas/bin:/home/nicholas/.local/bin:/usr/local/sbin:/usr/local/bin:/usr/sbin:/usr/bin:/sbin:/bin:/usr/games:/usr/local/games:/snap/bin
SHELL=/bin/bash
DISPLAY=:0

Signal Handlers:
SIGSEGV: [libjvm.so+0xa6e6f0], sa_mask[0]=11111111011111111101111111111110, sa_flags=SA_RESTART|SA_SIGINFO
SIGBUS: [libjvm.so+0xa6e6f0], sa_mask[0]=11111111011111111101111111111110, sa_flags=SA_RESTART|SA_SIGINFO
SIGFPE: [libjvm.so+0x8b5d50], sa_mask[0]=11111111011111111101111111111110, sa_flags=SA_RESTART|SA_SIGINFO
SIGPIPE: [libjvm.so+0x8b5d50], sa_mask[0]=11111111011111111101111111111110, sa_flags=SA_RESTART|SA_SIGINFO
SIGXFSZ: [libjvm.so+0x8b5d50], sa_mask[0]=11111111011111111101111111111110, sa_flags=SA_RESTART|SA_SIGINFO
SIGILL: [libjvm.so+0x8b5d50], sa_mask[0]=11111111011111111101111111111110, sa_flags=SA_RESTART|SA_SIGINFO
SIGUSR1: SIG_DFL, sa_mask[0]=00000000000000000000000000000000, sa_flags=none
SIGUSR2: [libjvm.so+0x8b5c00], sa_mask[0]=00000000000000000000000000000000, sa_flags=SA_RESTART|SA_SIGINFO
SIGHUP: [libjvm.so+0x8b60d0], sa_mask[0]=11111111011111111101111111111110, sa_flags=SA_RESTART|SA_SIGINFO
SIGINT: [libjvm.so+0x8b60d0], sa_mask[0]=11111111011111111101111111111110, sa_flags=SA_RESTART|SA_SIGINFO
SIGTERM: [libjvm.so+0x8b60d0], sa_mask[0]=11111111011111111101111111111110, sa_flags=SA_RESTART|SA_SIGINFO
SIGQUIT: [libjvm.so+0x8b60d0], sa_mask[0]=11111111011111111101111111111110, sa_flags=SA_RESTART|SA_SIGINFO


---------------  S Y S T E M  ---------------

OS:DISTRIB_ID=Ubuntu
DISTRIB_RELEASE=16.04
DISTRIB_CODENAME=xenial
DISTRIB_DESCRIPTION="Ubuntu 16.04.4 LTS"

uname:Linux 4.13.0-45-generic #50~16.04.1-Ubuntu SMP Wed May 30 11:18:27 UTC 2018 x86_64
libc:glibc 2.23 NPTL 2.23 
rlimit: STACK 8192k, CORE 0k, NPROC 29835, NOFILE 1048576, AS infinity
load average:0.92 0.68 0.74

/proc/meminfo:
MemTotal:        7691140 kB
MemFree:          123936 kB
MemAvailable:      48716 kB
Buffers:           11944 kB
Cached:           486396 kB
SwapCached:        25028 kB
Active:          6072532 kB
Inactive:        1028252 kB
Active(anon):    6037940 kB
Inactive(anon):   998592 kB
Active(file):      34592 kB
Inactive(file):    29660 kB
Unevictable:         896 kB
Mlocked:             896 kB
SwapTotal:       7905276 kB
SwapFree:              0 kB
Dirty:               540 kB
Writeback:             0 kB
AnonPages:       6580948 kB
Mapped:           175052 kB
Shmem:            434196 kB
Slab:             198500 kB
SReclaimable:      71768 kB
SUnreclaim:       126732 kB
KernelStack:       29424 kB
PageTables:       133828 kB
NFS_Unstable:          0 kB
Bounce:                0 kB
WritebackTmp:          0 kB
CommitLimit:    11750844 kB
Committed_AS:   35378368 kB
VmallocTotal:   34359738367 kB
VmallocUsed:           0 kB
VmallocChunk:          0 kB
HardwareCorrupted:     0 kB
AnonHugePages:         0 kB
ShmemHugePages:        0 kB
ShmemPmdMapped:        0 kB
CmaTotal:              0 kB
CmaFree:               0 kB
HugePages_Total:       0
HugePages_Free:        0
HugePages_Rsvd:        0
HugePages_Surp:        0
Hugepagesize:       2048 kB
DirectMap4k:      525872 kB
DirectMap2M:     7380992 kB
DirectMap1G:           0 kB


CPU:total 4 (initial active 4) (2 cores per cpu, 2 threads per core) family 6 model 142 stepping 9, cmov, cx8, fxsr, mmx, sse, sse2, sse3, ssse3, sse4.1, sse4.2, popcnt, avx, avx2, aes, clmul, erms, 3dnowpref, lzcnt, ht, tsc, tscinvbit, bmi1, bmi2, adx

/proc/cpuinfo:
processor	: 0
vendor_id	: GenuineIntel
cpu family	: 6
model		: 142
model name	: Intel(R) Core(TM) i7-7500U CPU @ 2.70GHz
stepping	: 9
microcode	: 0x84
cpu MHz		: 3500.031
cache size	: 4096 KB
physical id	: 0
siblings	: 4
core id		: 0
cpu cores	: 2
apicid		: 0
initial apicid	: 0
fpu		: yes
fpu_exception	: yes
cpuid level	: 22
wp		: yes
flags		: fpu vme de pse tsc msr pae mce cx8 apic sep mtrr pge mca cmov pat pse36 clflush dts acpi mmx fxsr sse sse2 ss ht tm pbe syscall nx pdpe1gb rdtscp lm constant_tsc art arch_perfmon pebs bts rep_good nopl xtopology nonstop_tsc cpuid aperfmperf tsc_known_freq pni pclmulqdq dtes64 monitor ds_cpl vmx est tm2 ssse3 sdbg fma cx16 xtpr pdcm pcid sse4_1 sse4_2 x2apic movbe popcnt tsc_deadline_timer aes xsave avx f16c rdrand lahf_lm abm 3dnowprefetch cpuid_fault epb invpcid_single pti retpoline intel_pt rsb_ctxsw spec_ctrl tpr_shadow vnmi flexpriority ept vpid fsgsbase tsc_adjust bmi1 avx2 smep bmi2 erms invpcid mpx rdseed adx smap clflushopt xsaveopt xsavec xgetbv1 xsaves dtherm ida arat pln pts hwp hwp_notify hwp_act_window hwp_epp
bugs		: cpu_meltdown spectre_v1 spectre_v2 spec_store_bypass
bogomips	: 5808.00
clflush size	: 64
cache_alignment	: 64
address sizes	: 39 bits physical, 48 bits virtual
power management:

processor	: 1
vendor_id	: GenuineIntel
cpu family	: 6
model		: 142
model name	: Intel(R) Core(TM) i7-7500U CPU @ 2.70GHz
stepping	: 9
microcode	: 0x84
cpu MHz		: 3500.000
cache size	: 4096 KB
physical id	: 0
siblings	: 4
core id		: 1
cpu cores	: 2
apicid		: 2
initial apicid	: 2
fpu		: yes
fpu_exception	: yes
cpuid level	: 22
wp		: yes
flags		: fpu vme de pse tsc msr pae mce cx8 apic sep mtrr pge mca cmov pat pse36 clflush dts acpi mmx fxsr sse sse2 ss ht tm pbe syscall nx pdpe1gb rdtscp lm constant_tsc art arch_perfmon pebs bts rep_good nopl xtopology nonstop_tsc cpuid aperfmperf tsc_known_freq pni pclmulqdq dtes64 monitor ds_cpl vmx est tm2 ssse3 sdbg fma cx16 xtpr pdcm pcid sse4_1 sse4_2 x2apic movbe popcnt tsc_deadline_timer aes xsave avx f16c rdrand lahf_lm abm 3dnowprefetch cpuid_fault epb invpcid_single pti retpoline intel_pt rsb_ctxsw spec_ctrl tpr_shadow vnmi flexpriority ept vpid fsgsbase tsc_adjust bmi1 avx2 smep bmi2 erms invpcid mpx rdseed adx smap clflushopt xsaveopt xsavec xgetbv1 xsaves dtherm ida arat pln pts hwp hwp_notify hwp_act_window hwp_epp
bugs		: cpu_meltdown spectre_v1 spectre_v2 spec_store_bypass
bogomips	: 5808.00
clflush size	: 64
cache_alignment	: 64
address sizes	: 39 bits physical, 48 bits virtual
power management:

processor	: 2
vendor_id	: GenuineIntel
cpu family	: 6
model		: 142
model name	: Intel(R) Core(TM) i7-7500U CPU @ 2.70GHz
stepping	: 9
microcode	: 0x84
cpu MHz		: 3500.014
cache size	: 4096 KB
physical id	: 0
siblings	: 4
core id		: 0
cpu cores	: 2
apicid		: 1
initial apicid	: 1
fpu		: yes
fpu_exception	: yes
cpuid level	: 22
wp		: yes
flags		: fpu vme de pse tsc msr pae mce cx8 apic sep mtrr pge mca cmov pat pse36 clflush dts acpi mmx fxsr sse sse2 ss ht tm pbe syscall nx pdpe1gb rdtscp lm constant_tsc art arch_perfmon pebs bts rep_good nopl xtopology nonstop_tsc cpuid aperfmperf tsc_known_freq pni pclmulqdq dtes64 monitor ds_cpl vmx est tm2 ssse3 sdbg fma cx16 xtpr pdcm pcid sse4_1 sse4_2 x2apic movbe popcnt tsc_deadline_timer aes xsave avx f16c rdrand lahf_lm abm 3dnowprefetch cpuid_fault epb invpcid_single pti retpoline intel_pt rsb_ctxsw spec_ctrl tpr_shadow vnmi flexpriority ept vpid fsgsbase tsc_adjust bmi1 avx2 smep bmi2 erms invpcid mpx rdseed adx smap clflushopt xsaveopt xsavec xgetbv1 xsaves dtherm ida arat pln pts hwp hwp_notify hwp_act_window hwp_epp
bugs		: cpu_meltdown spectre_v1 spectre_v2 spec_store_bypass
bogomips	: 5808.00
clflush size	: 64
cache_alignment	: 64
address sizes	: 39 bits physical, 48 bits virtual
power management:

processor	: 3
vendor_id	: GenuineIntel
cpu family	: 6
model		: 142
model name	: Intel(R) Core(TM) i7-7500U CPU @ 2.70GHz
stepping	: 9
microcode	: 0x84
cpu MHz		: 3500.013
cache size	: 4096 KB
physical id	: 0
siblings	: 4
core id		: 1
cpu cores	: 2
apicid		: 3
initial apicid	: 3
fpu		: yes
fpu_exception	: yes
cpuid level	: 22
wp		: yes
flags		: fpu vme de pse tsc msr pae mce cx8 apic sep mtrr pge mca cmov pat pse36 clflush dts acpi mmx fxsr sse sse2 ss ht tm pbe syscall nx pdpe1gb rdtscp lm constant_tsc art arch_perfmon pebs bts rep_good nopl xtopology nonstop_tsc cpuid aperfmperf tsc_known_freq pni pclmulqdq dtes64 monitor ds_cpl vmx est tm2 ssse3 sdbg fma cx16 xtpr pdcm pcid sse4_1 sse4_2 x2apic movbe popcnt tsc_deadline_timer aes xsave avx f16c rdrand lahf_lm abm 3dnowprefetch cpuid_fault epb invpcid_single pti retpoline intel_pt rsb_ctxsw spec_ctrl tpr_shadow vnmi flexpriority ept vpid fsgsbase tsc_adjust bmi1 avx2 smep bmi2 erms invpcid mpx rdseed adx smap clflushopt xsaveopt xsavec xgetbv1 xsaves dtherm ida arat pln pts hwp hwp_notify hwp_act_window hwp_epp
bugs		: cpu_meltdown spectre_v1 spectre_v2 spec_store_bypass
bogomips	: 5808.00
clflush size	: 64
cache_alignment	: 64
address sizes	: 39 bits physical, 48 bits virtual
power management:



Memory: 4k page, physical 7691140k(135164k free), swap 7905276k(0k free)

vm_info: OpenJDK 64-Bit Server VM (25.171-b11) for linux-amd64 JRE (1.8.0_171-8u171-b11-0ubuntu0.16.04.1-b11), built on Apr 27 2018 17:19:03 by "buildd" with gcc 5.4.0 20160609

time: Wed Jun 20 15:13:54 2018
elapsed time: 2 seconds (0d 0h 0m 2s)

